The system is: Linux - 4.4.0-116-generic - x86_64
Compiling the C compiler identification source file "CMakeCCompilerId.c" succeeded.
Compiler: /usr/bin/cc 
Build flags: 
Id flags: 

The output was:
0


Compilation of the C compiler identification source "CMakeCCompilerId.c" produced "a.out"

The C compiler identification is GNU, found in "/home/huangxiaolin/Desktop/Log/glog/build/CMakeFiles/3.5.1/CompilerIdC/a.out"

Compiling the CXX compiler identification source file "CMakeCXXCompilerId.cpp" succeeded.
Compiler: /usr/bin/c++ 
Build flags: -fPIC
Id flags: 

The output was:
0


Compilation of the CXX compiler identification source "CMakeCXXCompilerId.cpp" produced "a.out"

The CXX compiler identification is GNU, found in "/home/huangxiaolin/Desktop/Log/glog/build/CMakeFiles/3.5.1/CompilerIdCXX/a.out"

Determining if the C compiler works passed with the following output:
Change Dir: /home/huangxiaolin/Desktop/Log/glog/build/CMakeFiles/CMakeTmp

Run Build Command:"/usr/bin/make" "cmTC_c7e41/fast"
/usr/bin/make -f CMakeFiles/cmTC_c7e41.dir/build.make CMakeFiles/cmTC_c7e41.dir/build
make[1]: Entering directory '/home/huangxiaolin/Desktop/Log/glog/build/CMakeFiles/CMakeTmp'
Building C object CMakeFiles/cmTC_c7e41.dir/testCCompiler.c.o
/usr/bin/cc     -o CMakeFiles/cmTC_c7e41.dir/testCCompiler.c.o   -c /home/huangxiaolin/Desktop/Log/glog/build/CMakeFiles/CMakeTmp/testCCompiler.c
Linking C executable cmTC_c7e41
/usr/bin/cmake -E cmake_link_script CMakeFiles/cmTC_c7e41.dir/link.txt --verbose=1
/usr/bin/cc       CMakeFiles/cmTC_c7e41.dir/testCCompiler.c.o  -o cmTC_c7e41 -rdynamic 
make[1]: Leaving directory '/home/huangxiaolin/Desktop/Log/glog/build/CMakeFiles/CMakeTmp'


Detecting C compiler ABI info compiled with the following output:
Change Dir: /home/huangxiaolin/Desktop/Log/glog/build/CMakeFiles/CMakeTmp

Run Build Command:"/usr/bin/make" "cmTC_48966/fast"
/usr/bin/make -f CMakeFiles/cmTC_48966.dir/build.make CMakeFiles/cmTC_48966.dir/build
make[1]: Entering directory '/home/huangxiaolin/Desktop/Log/glog/build/CMakeFiles/CMakeTmp'
Building C object CMakeFiles/cmTC_48966.dir/CMakeCCompilerABI.c.o
/usr/bin/cc     -o CMakeFiles/cmTC_48966.dir/CMakeCCompilerABI.c.o   -c /usr/share/cmake-3.5/Modules/CMakeCCompilerABI.c
Linking C executable cmTC_48966
/usr/bin/cmake -E cmake_link_script CMakeFiles/cmTC_48966.dir/link.txt --verbose=1
/usr/bin/cc      -v CMakeFiles/cmTC_48966.dir/CMakeCCompilerABI.c.o  -o cmTC_48966 -rdynamic  
Using built-in specs.
COLLECT_GCC=/usr/bin/cc
COLLECT_LTO_WRAPPER=/usr/lib/gcc/x86_64-linux-gnu/5/lto-wrapper
Target: x86_64-linux-gnu
Configured with: ../src/configure -v --with-pkgversion='Ubuntu 5.4.0-6ubuntu1~16.04.9' --with-bugurl=file:///usr/share/doc/gcc-5/README.Bugs --enable-languages=c,ada,c++,java,go,d,fortran,objc,obj-c++ --prefix=/usr --program-suffix=-5 --enable-shared --enable-linker-build-id --libexecdir=/usr/lib --without-included-gettext --enable-threads=posix --libdir=/usr/lib --enable-nls --with-sysroot=/ --enable-clocale=gnu --enable-libstdcxx-debug --enable-libstdcxx-time=yes --with-default-libstdcxx-abi=new --enable-gnu-unique-object --disable-vtable-verify --enable-libmpx --enable-plugin --with-system-zlib --disable-browser-plugin --enable-java-awt=gtk --enable-gtk-cairo --with-java-home=/usr/lib/jvm/java-1.5.0-gcj-5-amd64/jre --enable-java-home --with-jvm-root-dir=/usr/lib/jvm/java-1.5.0-gcj-5-amd64 --with-jvm-jar-dir=/usr/lib/jvm-exports/java-1.5.0-gcj-5-amd64 --with-arch-directory=amd64 --with-ecj-jar=/usr/share/java/eclipse-ecj.jar --enable-objc-gc --enable-multiarch --disable-werror --with-arch-32=i686 --with-abi=m64 --with-multilib-list=m32,m64,mx32 --enable-multilib --with-tune=generic --enable-checking=release --build=x86_64-linux-gnu --host=x86_64-linux-gnu --target=x86_64-linux-gnu
Thread model: posix
gcc version 5.4.0 20160609 (Ubuntu 5.4.0-6ubuntu1~16.04.9) 
COMPILER_PATH=/usr/lib/gcc/x86_64-linux-gnu/5/:/usr/lib/gcc/x86_64-linux-gnu/5/:/usr/lib/gcc/x86_64-linux-gnu/:/usr/lib/gcc/x86_64-linux-gnu/5/:/usr/lib/gcc/x86_64-linux-gnu/
LIBRARY_PATH=/usr/lib/gcc/x86_64-linux-gnu/5/:/usr/lib/gcc/x86_64-linux-gnu/5/../../../x86_64-linux-gnu/:/usr/lib/gcc/x86_64-linux-gnu/5/../../../../lib/:/lib/x86_64-linux-gnu/:/lib/../lib/:/usr/lib/x86_64-linux-gnu/:/usr/lib/../lib/:/usr/lib/gcc/x86_64-linux-gnu/5/../../../:/lib/:/usr/lib/
COLLECT_GCC_OPTIONS='-v' '-o' 'cmTC_48966' '-rdynamic' '-mtune=generic' '-march=x86-64'
 /usr/lib/gcc/x86_64-linux-gnu/5/collect2 -plugin /usr/lib/gcc/x86_64-linux-gnu/5/liblto_plugin.so -plugin-opt=/usr/lib/gcc/x86_64-linux-gnu/5/lto-wrapper -plugin-opt=-fresolution=/tmp/cc0rqAUe.res -plugin-opt=-pass-through=-lgcc -plugin-opt=-pass-through=-lgcc_s -plugin-opt=-pass-through=-lc -plugin-opt=-pass-through=-lgcc -plugin-opt=-pass-through=-lgcc_s --sysroot=/ --build-id --eh-frame-hdr -m elf_x86_64 --hash-style=gnu --as-needed -export-dynamic -dynamic-linker /lib64/ld-linux-x86-64.so.2 -z relro -o cmTC_48966 /usr/lib/gcc/x86_64-linux-gnu/5/../../../x86_64-linux-gnu/crt1.o /usr/lib/gcc/x86_64-linux-gnu/5/../../../x86_64-linux-gnu/crti.o /usr/lib/gcc/x86_64-linux-gnu/5/crtbegin.o -L/usr/lib/gcc/x86_64-linux-gnu/5 -L/usr/lib/gcc/x86_64-linux-gnu/5/../../../x86_64-linux-gnu -L/usr/lib/gcc/x86_64-linux-gnu/5/../../../../lib -L/lib/x86_64-linux-gnu -L/lib/../lib -L/usr/lib/x86_64-linux-gnu -L/usr/lib/../lib -L/usr/lib/gcc/x86_64-linux-gnu/5/../../.. CMakeFiles/cmTC_48966.dir/CMakeCCompilerABI.c.o -lgcc --as-needed -lgcc_s --no-as-needed -lc -lgcc --as-needed -lgcc_s --no-as-needed /usr/lib/gcc/x86_64-linux-gnu/5/crtend.o /usr/lib/gcc/x86_64-linux-gnu/5/../../../x86_64-linux-gnu/crtn.o
make[1]: Leaving directory '/home/huangxiaolin/Desktop/Log/glog/build/CMakeFiles/CMakeTmp'


Parsed C implicit link information from above output:
  link line regex: [^( *|.*[/\])(ld|([^/\]+-)?ld|collect2)[^/\]*( |$)]
  ignore line: [Change Dir: /home/huangxiaolin/Desktop/Log/glog/build/CMakeFiles/CMakeTmp]
  ignore line: []
  ignore line: [Run Build Command:"/usr/bin/make" "cmTC_48966/fast"]
  ignore line: [/usr/bin/make -f CMakeFiles/cmTC_48966.dir/build.make CMakeFiles/cmTC_48966.dir/build]
  ignore line: [make[1]: Entering directory '/home/huangxiaolin/Desktop/Log/glog/build/CMakeFiles/CMakeTmp']
  ignore line: [Building C object CMakeFiles/cmTC_48966.dir/CMakeCCompilerABI.c.o]
  ignore line: [/usr/bin/cc     -o CMakeFiles/cmTC_48966.dir/CMakeCCompilerABI.c.o   -c /usr/share/cmake-3.5/Modules/CMakeCCompilerABI.c]
  ignore line: [Linking C executable cmTC_48966]
  ignore line: [/usr/bin/cmake -E cmake_link_script CMakeFiles/cmTC_48966.dir/link.txt --verbose=1]
  ignore line: [/usr/bin/cc      -v CMakeFiles/cmTC_48966.dir/CMakeCCompilerABI.c.o  -o cmTC_48966 -rdynamic  ]
  ignore line: [Using built-in specs.]
  ignore line: [COLLECT_GCC=/usr/bin/cc]
  ignore line: [COLLECT_LTO_WRAPPER=/usr/lib/gcc/x86_64-linux-gnu/5/lto-wrapper]
  ignore line: [Target: x86_64-linux-gnu]
  ignore line: [Configured with: ../src/configure -v --with-pkgversion='Ubuntu 5.4.0-6ubuntu1~16.04.9' --with-bugurl=file:///usr/share/doc/gcc-5/README.Bugs --enable-languages=c,ada,c++,java,go,d,fortran,objc,obj-c++ --prefix=/usr --program-suffix=-5 --enable-shared --enable-linker-build-id --libexecdir=/usr/lib --without-included-gettext --enable-threads=posix --libdir=/usr/lib --enable-nls --with-sysroot=/ --enable-clocale=gnu --enable-libstdcxx-debug --enable-libstdcxx-time=yes --with-default-libstdcxx-abi=new --enable-gnu-unique-object --disable-vtable-verify --enable-libmpx --enable-plugin --with-system-zlib --disable-browser-plugin --enable-java-awt=gtk --enable-gtk-cairo --with-java-home=/usr/lib/jvm/java-1.5.0-gcj-5-amd64/jre --enable-java-home --with-jvm-root-dir=/usr/lib/jvm/java-1.5.0-gcj-5-amd64 --with-jvm-jar-dir=/usr/lib/jvm-exports/java-1.5.0-gcj-5-amd64 --with-arch-directory=amd64 --with-ecj-jar=/usr/share/java/eclipse-ecj.jar --enable-objc-gc --enable-multiarch --disable-werror --with-arch-32=i686 --with-abi=m64 --with-multilib-list=m32,m64,mx32 --enable-multilib --with-tune=generic --enable-checking=release --build=x86_64-linux-gnu --host=x86_64-linux-gnu --target=x86_64-linux-gnu]
  ignore line: [Thread model: posix]
  ignore line: [gcc version 5.4.0 20160609 (Ubuntu 5.4.0-6ubuntu1~16.04.9) ]
  ignore line: [COMPILER_PATH=/usr/lib/gcc/x86_64-linux-gnu/5/:/usr/lib/gcc/x86_64-linux-gnu/5/:/usr/lib/gcc/x86_64-linux-gnu/:/usr/lib/gcc/x86_64-linux-gnu/5/:/usr/lib/gcc/x86_64-linux-gnu/]
  ignore line: [LIBRARY_PATH=/usr/lib/gcc/x86_64-linux-gnu/5/:/usr/lib/gcc/x86_64-linux-gnu/5/../../../x86_64-linux-gnu/:/usr/lib/gcc/x86_64-linux-gnu/5/../../../../lib/:/lib/x86_64-linux-gnu/:/lib/../lib/:/usr/lib/x86_64-linux-gnu/:/usr/lib/../lib/:/usr/lib/gcc/x86_64-linux-gnu/5/../../../:/lib/:/usr/lib/]
  ignore line: [COLLECT_GCC_OPTIONS='-v' '-o' 'cmTC_48966' '-rdynamic' '-mtune=generic' '-march=x86-64']
  link line: [ /usr/lib/gcc/x86_64-linux-gnu/5/collect2 -plugin /usr/lib/gcc/x86_64-linux-gnu/5/liblto_plugin.so -plugin-opt=/usr/lib/gcc/x86_64-linux-gnu/5/lto-wrapper -plugin-opt=-fresolution=/tmp/cc0rqAUe.res -plugin-opt=-pass-through=-lgcc -plugin-opt=-pass-through=-lgcc_s -plugin-opt=-pass-through=-lc -plugin-opt=-pass-through=-lgcc -plugin-opt=-pass-through=-lgcc_s --sysroot=/ --build-id --eh-frame-hdr -m elf_x86_64 --hash-style=gnu --as-needed -export-dynamic -dynamic-linker /lib64/ld-linux-x86-64.so.2 -z relro -o cmTC_48966 /usr/lib/gcc/x86_64-linux-gnu/5/../../../x86_64-linux-gnu/crt1.o /usr/lib/gcc/x86_64-linux-gnu/5/../../../x86_64-linux-gnu/crti.o /usr/lib/gcc/x86_64-linux-gnu/5/crtbegin.o -L/usr/lib/gcc/x86_64-linux-gnu/5 -L/usr/lib/gcc/x86_64-linux-gnu/5/../../../x86_64-linux-gnu -L/usr/lib/gcc/x86_64-linux-gnu/5/../../../../lib -L/lib/x86_64-linux-gnu -L/lib/../lib -L/usr/lib/x86_64-linux-gnu -L/usr/lib/../lib -L/usr/lib/gcc/x86_64-linux-gnu/5/../../.. CMakeFiles/cmTC_48966.dir/CMakeCCompilerABI.c.o -lgcc --as-needed -lgcc_s --no-as-needed -lc -lgcc --as-needed -lgcc_s --no-as-needed /usr/lib/gcc/x86_64-linux-gnu/5/crtend.o /usr/lib/gcc/x86_64-linux-gnu/5/../../../x86_64-linux-gnu/crtn.o]
    arg [/usr/lib/gcc/x86_64-linux-gnu/5/collect2] ==> ignore
    arg [-plugin] ==> ignore
    arg [/usr/lib/gcc/x86_64-linux-gnu/5/liblto_plugin.so] ==> ignore
    arg [-plugin-opt=/usr/lib/gcc/x86_64-linux-gnu/5/lto-wrapper] ==> ignore
    arg [-plugin-opt=-fresolution=/tmp/cc0rqAUe.res] ==> ignore
    arg [-plugin-opt=-pass-through=-lgcc] ==> ignore
    arg [-plugin-opt=-pass-through=-lgcc_s] ==> ignore
    arg [-plugin-opt=-pass-through=-lc] ==> ignore
    arg [-plugin-opt=-pass-through=-lgcc] ==> ignore
    arg [-plugin-opt=-pass-through=-lgcc_s] ==> ignore
    arg [--sysroot=/] ==> ignore
    arg [--build-id] ==> ignore
    arg [--eh-frame-hdr] ==> ignore
    arg [-m] ==> ignore
    arg [elf_x86_64] ==> ignore
    arg [--hash-style=gnu] ==> ignore
    arg [--as-needed] ==> ignore
    arg [-export-dynamic] ==> ignore
    arg [-dynamic-linker] ==> ignore
    arg [/lib64/ld-linux-x86-64.so.2] ==> ignore
    arg [-zrelro] ==> ignore
    arg [-o] ==> ignore
    arg [cmTC_48966] ==> ignore
    arg [/usr/lib/gcc/x86_64-linux-gnu/5/../../../x86_64-linux-gnu/crt1.o] ==> ignore
    arg [/usr/lib/gcc/x86_64-linux-gnu/5/../../../x86_64-linux-gnu/crti.o] ==> ignore
    arg [/usr/lib/gcc/x86_64-linux-gnu/5/crtbegin.o] ==> ignore
    arg [-L/usr/lib/gcc/x86_64-linux-gnu/5] ==> dir [/usr/lib/gcc/x86_64-linux-gnu/5]
    arg [-L/usr/lib/gcc/x86_64-linux-gnu/5/../../../x86_64-linux-gnu] ==> dir [/usr/lib/gcc/x86_64-linux-gnu/5/../../../x86_64-linux-gnu]
    arg [-L/usr/lib/gcc/x86_64-linux-gnu/5/../../../../lib] ==> dir [/usr/lib/gcc/x86_64-linux-gnu/5/../../../../lib]
    arg [-L/lib/x86_64-linux-gnu] ==> dir [/lib/x86_64-linux-gnu]
    arg [-L/lib/../lib] ==> dir [/lib/../lib]
    arg [-L/usr/lib/x86_64-linux-gnu] ==> dir [/usr/lib/x86_64-linux-gnu]
    arg [-L/usr/lib/../lib] ==> dir [/usr/lib/../lib]
    arg [-L/usr/lib/gcc/x86_64-linux-gnu/5/../../..] ==> dir [/usr/lib/gcc/x86_64-linux-gnu/5/../../..]
    arg [CMakeFiles/cmTC_48966.dir/CMakeCCompilerABI.c.o] ==> ignore
    arg [-lgcc] ==> lib [gcc]
    arg [--as-needed] ==> ignore
    arg [-lgcc_s] ==> lib [gcc_s]
    arg [--no-as-needed] ==> ignore
    arg [-lc] ==> lib [c]
    arg [-lgcc] ==> lib [gcc]
    arg [--as-needed] ==> ignore
    arg [-lgcc_s] ==> lib [gcc_s]
    arg [--no-as-needed] ==> ignore
    arg [/usr/lib/gcc/x86_64-linux-gnu/5/crtend.o] ==> ignore
    arg [/usr/lib/gcc/x86_64-linux-gnu/5/../../../x86_64-linux-gnu/crtn.o] ==> ignore
  remove lib [gcc]
  remove lib [gcc_s]
  remove lib [gcc]
  remove lib [gcc_s]
  collapse library dir [/usr/lib/gcc/x86_64-linux-gnu/5] ==> [/usr/lib/gcc/x86_64-linux-gnu/5]
  collapse library dir [/usr/lib/gcc/x86_64-linux-gnu/5/../../../x86_64-linux-gnu] ==> [/usr/lib/x86_64-linux-gnu]
  collapse library dir [/usr/lib/gcc/x86_64-linux-gnu/5/../../../../lib] ==> [/usr/lib]
  collapse library dir [/lib/x86_64-linux-gnu] ==> [/lib/x86_64-linux-gnu]
  collapse library dir [/lib/../lib] ==> [/lib]
  collapse library dir [/usr/lib/x86_64-linux-gnu] ==> [/usr/lib/x86_64-linux-gnu]
  collapse library dir [/usr/lib/../lib] ==> [/usr/lib]
  collapse library dir [/usr/lib/gcc/x86_64-linux-gnu/5/../../..] ==> [/usr/lib]
  implicit libs: [c]
  implicit dirs: [/usr/lib/gcc/x86_64-linux-gnu/5;/usr/lib/x86_64-linux-gnu;/usr/lib;/lib/x86_64-linux-gnu;/lib]
  implicit fwks: []




Detecting C [-std=c11] compiler features compiled with the following output:
Change Dir: /home/huangxiaolin/Desktop/Log/glog/build/CMakeFiles/CMakeTmp

Run Build Command:"/usr/bin/make" "cmTC_ebc47/fast"
/usr/bin/make -f CMakeFiles/cmTC_ebc47.dir/build.make CMakeFiles/cmTC_ebc47.dir/build
make[1]: Entering directory '/home/huangxiaolin/Desktop/Log/glog/build/CMakeFiles/CMakeTmp'
Building C object CMakeFiles/cmTC_ebc47.dir/feature_tests.c.o
/usr/bin/cc    -std=c11 -o CMakeFiles/cmTC_ebc47.dir/feature_tests.c.o   -c /home/huangxiaolin/Desktop/Log/glog/build/CMakeFiles/feature_tests.c
Linking C executable cmTC_ebc47
/usr/bin/cmake -E cmake_link_script CMakeFiles/cmTC_ebc47.dir/link.txt --verbose=1
/usr/bin/cc       CMakeFiles/cmTC_ebc47.dir/feature_tests.c.o  -o cmTC_ebc47 -rdynamic 
make[1]: Leaving directory '/home/huangxiaolin/Desktop/Log/glog/build/CMakeFiles/CMakeTmp'


    Feature record: C_FEATURE:1c_function_prototypes
    Feature record: C_FEATURE:1c_restrict
    Feature record: C_FEATURE:1c_static_assert
    Feature record: C_FEATURE:1c_variadic_macros


Detecting C [-std=c99] compiler features compiled with the following output:
Change Dir: /home/huangxiaolin/Desktop/Log/glog/build/CMakeFiles/CMakeTmp

Run Build Command:"/usr/bin/make" "cmTC_dcccb/fast"
/usr/bin/make -f CMakeFiles/cmTC_dcccb.dir/build.make CMakeFiles/cmTC_dcccb.dir/build
make[1]: Entering directory '/home/huangxiaolin/Desktop/Log/glog/build/CMakeFiles/CMakeTmp'
Building C object CMakeFiles/cmTC_dcccb.dir/feature_tests.c.o
/usr/bin/cc    -std=c99 -o CMakeFiles/cmTC_dcccb.dir/feature_tests.c.o   -c /home/huangxiaolin/Desktop/Log/glog/build/CMakeFiles/feature_tests.c
Linking C executable cmTC_dcccb
/usr/bin/cmake -E cmake_link_script CMakeFiles/cmTC_dcccb.dir/link.txt --verbose=1
/usr/bin/cc       CMakeFiles/cmTC_dcccb.dir/feature_tests.c.o  -o cmTC_dcccb -rdynamic 
make[1]: Leaving directory '/home/huangxiaolin/Desktop/Log/glog/build/CMakeFiles/CMakeTmp'


    Feature record: C_FEATURE:1c_function_prototypes
    Feature record: C_FEATURE:1c_restrict
    Feature record: C_FEATURE:0c_static_assert
    Feature record: C_FEATURE:1c_variadic_macros


Detecting C [-std=c90] compiler features compiled with the following output:
Change Dir: /home/huangxiaolin/Desktop/Log/glog/build/CMakeFiles/CMakeTmp

Run Build Command:"/usr/bin/make" "cmTC_e116c/fast"
/usr/bin/make -f CMakeFiles/cmTC_e116c.dir/build.make CMakeFiles/cmTC_e116c.dir/build
make[1]: Entering directory '/home/huangxiaolin/Desktop/Log/glog/build/CMakeFiles/CMakeTmp'
Building C object CMakeFiles/cmTC_e116c.dir/feature_tests.c.o
/usr/bin/cc    -std=c90 -o CMakeFiles/cmTC_e116c.dir/feature_tests.c.o   -c /home/huangxiaolin/Desktop/Log/glog/build/CMakeFiles/feature_tests.c
Linking C executable cmTC_e116c
/usr/bin/cmake -E cmake_link_script CMakeFiles/cmTC_e116c.dir/link.txt --verbose=1
/usr/bin/cc       CMakeFiles/cmTC_e116c.dir/feature_tests.c.o  -o cmTC_e116c -rdynamic 
make[1]: Leaving directory '/home/huangxiaolin/Desktop/Log/glog/build/CMakeFiles/CMakeTmp'


    Feature record: C_FEATURE:1c_function_prototypes
    Feature record: C_FEATURE:0c_restrict
    Feature record: C_FEATURE:0c_static_assert
    Feature record: C_FEATURE:0c_variadic_macros
Determining if the CXX compiler works passed with the following output:
Change Dir: /home/huangxiaolin/Desktop/Log/glog/build/CMakeFiles/CMakeTmp

Run Build Command:"/usr/bin/make" "cmTC_64e76/fast"
/usr/bin/make -f CMakeFiles/cmTC_64e76.dir/build.make CMakeFiles/cmTC_64e76.dir/build
make[1]: Entering directory '/home/huangxiaolin/Desktop/Log/glog/build/CMakeFiles/CMakeTmp'
Building CXX object CMakeFiles/cmTC_64e76.dir/testCXXCompiler.cxx.o
/usr/bin/c++     -fPIC     -o CMakeFiles/cmTC_64e76.dir/testCXXCompiler.cxx.o -c /home/huangxiaolin/Desktop/Log/glog/build/CMakeFiles/CMakeTmp/testCXXCompiler.cxx
Linking CXX executable cmTC_64e76
/usr/bin/cmake -E cmake_link_script CMakeFiles/cmTC_64e76.dir/link.txt --verbose=1
/usr/bin/c++   -fPIC      CMakeFiles/cmTC_64e76.dir/testCXXCompiler.cxx.o  -o cmTC_64e76 -rdynamic 
make[1]: Leaving directory '/home/huangxiaolin/Desktop/Log/glog/build/CMakeFiles/CMakeTmp'


Detecting CXX compiler ABI info compiled with the following output:
Change Dir: /home/huangxiaolin/Desktop/Log/glog/build/CMakeFiles/CMakeTmp

Run Build Command:"/usr/bin/make" "cmTC_37a0c/fast"
/usr/bin/make -f CMakeFiles/cmTC_37a0c.dir/build.make CMakeFiles/cmTC_37a0c.dir/build
make[1]: Entering directory '/home/huangxiaolin/Desktop/Log/glog/build/CMakeFiles/CMakeTmp'
Building CXX object CMakeFiles/cmTC_37a0c.dir/CMakeCXXCompilerABI.cpp.o
/usr/bin/c++     -fPIC     -o CMakeFiles/cmTC_37a0c.dir/CMakeCXXCompilerABI.cpp.o -c /usr/share/cmake-3.5/Modules/CMakeCXXCompilerABI.cpp
Linking CXX executable cmTC_37a0c
/usr/bin/cmake -E cmake_link_script CMakeFiles/cmTC_37a0c.dir/link.txt --verbose=1
/usr/bin/c++   -fPIC     -v CMakeFiles/cmTC_37a0c.dir/CMakeCXXCompilerABI.cpp.o  -o cmTC_37a0c -rdynamic  
Using built-in specs.
COLLECT_GCC=/usr/bin/c++
COLLECT_LTO_WRAPPER=/usr/lib/gcc/x86_64-linux-gnu/5/lto-wrapper
Target: x86_64-linux-gnu
Configured with: ../src/configure -v --with-pkgversion='Ubuntu 5.4.0-6ubuntu1~16.04.9' --with-bugurl=file:///usr/share/doc/gcc-5/README.Bugs --enable-languages=c,ada,c++,java,go,d,fortran,objc,obj-c++ --prefix=/usr --program-suffix=-5 --enable-shared --enable-linker-build-id --libexecdir=/usr/lib --without-included-gettext --enable-threads=posix --libdir=/usr/lib --enable-nls --with-sysroot=/ --enable-clocale=gnu --enable-libstdcxx-debug --enable-libstdcxx-time=yes --with-default-libstdcxx-abi=new --enable-gnu-unique-object --disable-vtable-verify --enable-libmpx --enable-plugin --with-system-zlib --disable-browser-plugin --enable-java-awt=gtk --enable-gtk-cairo --with-java-home=/usr/lib/jvm/java-1.5.0-gcj-5-amd64/jre --enable-java-home --with-jvm-root-dir=/usr/lib/jvm/java-1.5.0-gcj-5-amd64 --with-jvm-jar-dir=/usr/lib/jvm-exports/java-1.5.0-gcj-5-amd64 --with-arch-directory=amd64 --with-ecj-jar=/usr/share/java/eclipse-ecj.jar --enable-objc-gc --enable-multiarch --disable-werror --with-arch-32=i686 --with-abi=m64 --with-multilib-list=m32,m64,mx32 --enable-multilib --with-tune=generic --enable-checking=release --build=x86_64-linux-gnu --host=x86_64-linux-gnu --target=x86_64-linux-gnu
Thread model: posix
gcc version 5.4.0 20160609 (Ubuntu 5.4.0-6ubuntu1~16.04.9) 
COMPILER_PATH=/usr/lib/gcc/x86_64-linux-gnu/5/:/usr/lib/gcc/x86_64-linux-gnu/5/:/usr/lib/gcc/x86_64-linux-gnu/:/usr/lib/gcc/x86_64-linux-gnu/5/:/usr/lib/gcc/x86_64-linux-gnu/
LIBRARY_PATH=/usr/lib/gcc/x86_64-linux-gnu/5/:/usr/lib/gcc/x86_64-linux-gnu/5/../../../x86_64-linux-gnu/:/usr/lib/gcc/x86_64-linux-gnu/5/../../../../lib/:/lib/x86_64-linux-gnu/:/lib/../lib/:/usr/lib/x86_64-linux-gnu/:/usr/lib/../lib/:/usr/lib/gcc/x86_64-linux-gnu/5/../../../:/lib/:/usr/lib/
COLLECT_GCC_OPTIONS='-fPIC' '-v' '-o' 'cmTC_37a0c' '-rdynamic' '-shared-libgcc' '-mtune=generic' '-march=x86-64'
 /usr/lib/gcc/x86_64-linux-gnu/5/collect2 -plugin /usr/lib/gcc/x86_64-linux-gnu/5/liblto_plugin.so -plugin-opt=/usr/lib/gcc/x86_64-linux-gnu/5/lto-wrapper -plugin-opt=-fresolution=/tmp/cc7uCrVF.res -plugin-opt=-pass-through=-lgcc_s -plugin-opt=-pass-through=-lgcc -plugin-opt=-pass-through=-lc -plugin-opt=-pass-through=-lgcc_s -plugin-opt=-pass-through=-lgcc --sysroot=/ --build-id --eh-frame-hdr -m elf_x86_64 --hash-style=gnu --as-needed -export-dynamic -dynamic-linker /lib64/ld-linux-x86-64.so.2 -z relro -o cmTC_37a0c /usr/lib/gcc/x86_64-linux-gnu/5/../../../x86_64-linux-gnu/crt1.o /usr/lib/gcc/x86_64-linux-gnu/5/../../../x86_64-linux-gnu/crti.o /usr/lib/gcc/x86_64-linux-gnu/5/crtbegin.o -L/usr/lib/gcc/x86_64-linux-gnu/5 -L/usr/lib/gcc/x86_64-linux-gnu/5/../../../x86_64-linux-gnu -L/usr/lib/gcc/x86_64-linux-gnu/5/../../../../lib -L/lib/x86_64-linux-gnu -L/lib/../lib -L/usr/lib/x86_64-linux-gnu -L/usr/lib/../lib -L/usr/lib/gcc/x86_64-linux-gnu/5/../../.. CMakeFiles/cmTC_37a0c.dir/CMakeCXXCompilerABI.cpp.o -lstdc++ -lm -lgcc_s -lgcc -lc -lgcc_s -lgcc /usr/lib/gcc/x86_64-linux-gnu/5/crtend.o /usr/lib/gcc/x86_64-linux-gnu/5/../../../x86_64-linux-gnu/crtn.o
make[1]: Leaving directory '/home/huangxiaolin/Desktop/Log/glog/build/CMakeFiles/CMakeTmp'


Parsed CXX implicit link information from above output:
  link line regex: [^( *|.*[/\])(ld|([^/\]+-)?ld|collect2)[^/\]*( |$)]
  ignore line: [Change Dir: /home/huangxiaolin/Desktop/Log/glog/build/CMakeFiles/CMakeTmp]
  ignore line: []
  ignore line: [Run Build Command:"/usr/bin/make" "cmTC_37a0c/fast"]
  ignore line: [/usr/bin/make -f CMakeFiles/cmTC_37a0c.dir/build.make CMakeFiles/cmTC_37a0c.dir/build]
  ignore line: [make[1]: Entering directory '/home/huangxiaolin/Desktop/Log/glog/build/CMakeFiles/CMakeTmp']
  ignore line: [Building CXX object CMakeFiles/cmTC_37a0c.dir/CMakeCXXCompilerABI.cpp.o]
  ignore line: [/usr/bin/c++     -fPIC     -o CMakeFiles/cmTC_37a0c.dir/CMakeCXXCompilerABI.cpp.o -c /usr/share/cmake-3.5/Modules/CMakeCXXCompilerABI.cpp]
  ignore line: [Linking CXX executable cmTC_37a0c]
  ignore line: [/usr/bin/cmake -E cmake_link_script CMakeFiles/cmTC_37a0c.dir/link.txt --verbose=1]
  ignore line: [/usr/bin/c++   -fPIC     -v CMakeFiles/cmTC_37a0c.dir/CMakeCXXCompilerABI.cpp.o  -o cmTC_37a0c -rdynamic  ]
  ignore line: [Using built-in specs.]
  ignore line: [COLLECT_GCC=/usr/bin/c++]
  ignore line: [COLLECT_LTO_WRAPPER=/usr/lib/gcc/x86_64-linux-gnu/5/lto-wrapper]
  ignore line: [Target: x86_64-linux-gnu]
  ignore line: [Configured with: ../src/configure -v --with-pkgversion='Ubuntu 5.4.0-6ubuntu1~16.04.9' --with-bugurl=file:///usr/share/doc/gcc-5/README.Bugs --enable-languages=c,ada,c++,java,go,d,fortran,objc,obj-c++ --prefix=/usr --program-suffix=-5 --enable-shared --enable-linker-build-id --libexecdir=/usr/lib --without-included-gettext --enable-threads=posix --libdir=/usr/lib --enable-nls --with-sysroot=/ --enable-clocale=gnu --enable-libstdcxx-debug --enable-libstdcxx-time=yes --with-default-libstdcxx-abi=new --enable-gnu-unique-object --disable-vtable-verify --enable-libmpx --enable-plugin --with-system-zlib --disable-browser-plugin --enable-java-awt=gtk --enable-gtk-cairo --with-java-home=/usr/lib/jvm/java-1.5.0-gcj-5-amd64/jre --enable-java-home --with-jvm-root-dir=/usr/lib/jvm/java-1.5.0-gcj-5-amd64 --with-jvm-jar-dir=/usr/lib/jvm-exports/java-1.5.0-gcj-5-amd64 --with-arch-directory=amd64 --with-ecj-jar=/usr/share/java/eclipse-ecj.jar --enable-objc-gc --enable-multiarch --disable-werror --with-arch-32=i686 --with-abi=m64 --with-multilib-list=m32,m64,mx32 --enable-multilib --with-tune=generic --enable-checking=release --build=x86_64-linux-gnu --host=x86_64-linux-gnu --target=x86_64-linux-gnu]
  ignore line: [Thread model: posix]
  ignore line: [gcc version 5.4.0 20160609 (Ubuntu 5.4.0-6ubuntu1~16.04.9) ]
  ignore line: [COMPILER_PATH=/usr/lib/gcc/x86_64-linux-gnu/5/:/usr/lib/gcc/x86_64-linux-gnu/5/:/usr/lib/gcc/x86_64-linux-gnu/:/usr/lib/gcc/x86_64-linux-gnu/5/:/usr/lib/gcc/x86_64-linux-gnu/]
  ignore line: [LIBRARY_PATH=/usr/lib/gcc/x86_64-linux-gnu/5/:/usr/lib/gcc/x86_64-linux-gnu/5/../../../x86_64-linux-gnu/:/usr/lib/gcc/x86_64-linux-gnu/5/../../../../lib/:/lib/x86_64-linux-gnu/:/lib/../lib/:/usr/lib/x86_64-linux-gnu/:/usr/lib/../lib/:/usr/lib/gcc/x86_64-linux-gnu/5/../../../:/lib/:/usr/lib/]
  ignore line: [COLLECT_GCC_OPTIONS='-fPIC' '-v' '-o' 'cmTC_37a0c' '-rdynamic' '-shared-libgcc' '-mtune=generic' '-march=x86-64']
  link line: [ /usr/lib/gcc/x86_64-linux-gnu/5/collect2 -plugin /usr/lib/gcc/x86_64-linux-gnu/5/liblto_plugin.so -plugin-opt=/usr/lib/gcc/x86_64-linux-gnu/5/lto-wrapper -plugin-opt=-fresolution=/tmp/cc7uCrVF.res -plugin-opt=-pass-through=-lgcc_s -plugin-opt=-pass-through=-lgcc -plugin-opt=-pass-through=-lc -plugin-opt=-pass-through=-lgcc_s -plugin-opt=-pass-through=-lgcc --sysroot=/ --build-id --eh-frame-hdr -m elf_x86_64 --hash-style=gnu --as-needed -export-dynamic -dynamic-linker /lib64/ld-linux-x86-64.so.2 -z relro -o cmTC_37a0c /usr/lib/gcc/x86_64-linux-gnu/5/../../../x86_64-linux-gnu/crt1.o /usr/lib/gcc/x86_64-linux-gnu/5/../../../x86_64-linux-gnu/crti.o /usr/lib/gcc/x86_64-linux-gnu/5/crtbegin.o -L/usr/lib/gcc/x86_64-linux-gnu/5 -L/usr/lib/gcc/x86_64-linux-gnu/5/../../../x86_64-linux-gnu -L/usr/lib/gcc/x86_64-linux-gnu/5/../../../../lib -L/lib/x86_64-linux-gnu -L/lib/../lib -L/usr/lib/x86_64-linux-gnu -L/usr/lib/../lib -L/usr/lib/gcc/x86_64-linux-gnu/5/../../.. CMakeFiles/cmTC_37a0c.dir/CMakeCXXCompilerABI.cpp.o -lstdc++ -lm -lgcc_s -lgcc -lc -lgcc_s -lgcc /usr/lib/gcc/x86_64-linux-gnu/5/crtend.o /usr/lib/gcc/x86_64-linux-gnu/5/../../../x86_64-linux-gnu/crtn.o]
    arg [/usr/lib/gcc/x86_64-linux-gnu/5/collect2] ==> ignore
    arg [-plugin] ==> ignore
    arg [/usr/lib/gcc/x86_64-linux-gnu/5/liblto_plugin.so] ==> ignore
    arg [-plugin-opt=/usr/lib/gcc/x86_64-linux-gnu/5/lto-wrapper] ==> ignore
    arg [-plugin-opt=-fresolution=/tmp/cc7uCrVF.res] ==> ignore
    arg [-plugin-opt=-pass-through=-lgcc_s] ==> ignore
    arg [-plugin-opt=-pass-through=-lgcc] ==> ignore
    arg [-plugin-opt=-pass-through=-lc] ==> ignore
    arg [-plugin-opt=-pass-through=-lgcc_s] ==> ignore
    arg [-plugin-opt=-pass-through=-lgcc] ==> ignore
    arg [--sysroot=/] ==> ignore
    arg [--build-id] ==> ignore
    arg [--eh-frame-hdr] ==> ignore
    arg [-m] ==> ignore
    arg [elf_x86_64] ==> ignore
    arg [--hash-style=gnu] ==> ignore
    arg [--as-needed] ==> ignore
    arg [-export-dynamic] ==> ignore
    arg [-dynamic-linker] ==> ignore
    arg [/lib64/ld-linux-x86-64.so.2] ==> ignore
    arg [-zrelro] ==> ignore
    arg [-o] ==> ignore
    arg [cmTC_37a0c] ==> ignore
    arg [/usr/lib/gcc/x86_64-linux-gnu/5/../../../x86_64-linux-gnu/crt1.o] ==> ignore
    arg [/usr/lib/gcc/x86_64-linux-gnu/5/../../../x86_64-linux-gnu/crti.o] ==> ignore
    arg [/usr/lib/gcc/x86_64-linux-gnu/5/crtbegin.o] ==> ignore
    arg [-L/usr/lib/gcc/x86_64-linux-gnu/5] ==> dir [/usr/lib/gcc/x86_64-linux-gnu/5]
    arg [-L/usr/lib/gcc/x86_64-linux-gnu/5/../../../x86_64-linux-gnu] ==> dir [/usr/lib/gcc/x86_64-linux-gnu/5/../../../x86_64-linux-gnu]
    arg [-L/usr/lib/gcc/x86_64-linux-gnu/5/../../../../lib] ==> dir [/usr/lib/gcc/x86_64-linux-gnu/5/../../../../lib]
    arg [-L/lib/x86_64-linux-gnu] ==> dir [/lib/x86_64-linux-gnu]
    arg [-L/lib/../lib] ==> dir [/lib/../lib]
    arg [-L/usr/lib/x86_64-linux-gnu] ==> dir [/usr/lib/x86_64-linux-gnu]
    arg [-L/usr/lib/../lib] ==> dir [/usr/lib/../lib]
    arg [-L/usr/lib/gcc/x86_64-linux-gnu/5/../../..] ==> dir [/usr/lib/gcc/x86_64-linux-gnu/5/../../..]
    arg [CMakeFiles/cmTC_37a0c.dir/CMakeCXXCompilerABI.cpp.o] ==> ignore
    arg [-lstdc++] ==> lib [stdc++]
    arg [-lm] ==> lib [m]
    arg [-lgcc_s] ==> lib [gcc_s]
    arg [-lgcc] ==> lib [gcc]
    arg [-lc] ==> lib [c]
    arg [-lgcc_s] ==> lib [gcc_s]
    arg [-lgcc] ==> lib [gcc]
    arg [/usr/lib/gcc/x86_64-linux-gnu/5/crtend.o] ==> ignore
    arg [/usr/lib/gcc/x86_64-linux-gnu/5/../../../x86_64-linux-gnu/crtn.o] ==> ignore
  remove lib [gcc_s]
  remove lib [gcc]
  remove lib [gcc_s]
  remove lib [gcc]
  collapse library dir [/usr/lib/gcc/x86_64-linux-gnu/5] ==> [/usr/lib/gcc/x86_64-linux-gnu/5]
  collapse library dir [/usr/lib/gcc/x86_64-linux-gnu/5/../../../x86_64-linux-gnu] ==> [/usr/lib/x86_64-linux-gnu]
  collapse library dir [/usr/lib/gcc/x86_64-linux-gnu/5/../../../../lib] ==> [/usr/lib]
  collapse library dir [/lib/x86_64-linux-gnu] ==> [/lib/x86_64-linux-gnu]
  collapse library dir [/lib/../lib] ==> [/lib]
  collapse library dir [/usr/lib/x86_64-linux-gnu] ==> [/usr/lib/x86_64-linux-gnu]
  collapse library dir [/usr/lib/../lib] ==> [/usr/lib]
  collapse library dir [/usr/lib/gcc/x86_64-linux-gnu/5/../../..] ==> [/usr/lib]
  implicit libs: [stdc++;m;c]
  implicit dirs: [/usr/lib/gcc/x86_64-linux-gnu/5;/usr/lib/x86_64-linux-gnu;/usr/lib;/lib/x86_64-linux-gnu;/lib]
  implicit fwks: []




Detecting CXX [-std=c++14] compiler features compiled with the following output:
Change Dir: /home/huangxiaolin/Desktop/Log/glog/build/CMakeFiles/CMakeTmp

Run Build Command:"/usr/bin/make" "cmTC_c9187/fast"
/usr/bin/make -f CMakeFiles/cmTC_c9187.dir/build.make CMakeFiles/cmTC_c9187.dir/build
make[1]: Entering directory '/home/huangxiaolin/Desktop/Log/glog/build/CMakeFiles/CMakeTmp'
Building CXX object CMakeFiles/cmTC_c9187.dir/feature_tests.cxx.o
/usr/bin/c++     -fPIC     -std=c++14 -o CMakeFiles/cmTC_c9187.dir/feature_tests.cxx.o -c /home/huangxiaolin/Desktop/Log/glog/build/CMakeFiles/feature_tests.cxx
Linking CXX executable cmTC_c9187
/usr/bin/cmake -E cmake_link_script CMakeFiles/cmTC_c9187.dir/link.txt --verbose=1
/usr/bin/c++   -fPIC      CMakeFiles/cmTC_c9187.dir/feature_tests.cxx.o  -o cmTC_c9187 -rdynamic 
make[1]: Leaving directory '/home/huangxiaolin/Desktop/Log/glog/build/CMakeFiles/CMakeTmp'


    Feature record: CXX_FEATURE:1cxx_aggregate_default_initializers
    Feature record: CXX_FEATURE:1cxx_alias_templates
    Feature record: CXX_FEATURE:1cxx_alignas
    Feature record: CXX_FEATURE:1cxx_alignof
    Feature record: CXX_FEATURE:1cxx_attributes
    Feature record: CXX_FEATURE:1cxx_attribute_deprecated
    Feature record: CXX_FEATURE:1cxx_auto_type
    Feature record: CXX_FEATURE:1cxx_binary_literals
    Feature record: CXX_FEATURE:1cxx_constexpr
    Feature record: CXX_FEATURE:1cxx_contextual_conversions
    Feature record: CXX_FEATURE:1cxx_decltype
    Feature record: CXX_FEATURE:1cxx_decltype_auto
    Feature record: CXX_FEATURE:1cxx_decltype_incomplete_return_types
    Feature record: CXX_FEATURE:1cxx_default_function_template_args
    Feature record: CXX_FEATURE:1cxx_defaulted_functions
    Feature record: CXX_FEATURE:1cxx_defaulted_move_initializers
    Feature record: CXX_FEATURE:1cxx_delegating_constructors
    Feature record: CXX_FEATURE:1cxx_deleted_functions
    Feature record: CXX_FEATURE:1cxx_digit_separators
    Feature record: CXX_FEATURE:1cxx_enum_forward_declarations
    Feature record: CXX_FEATURE:1cxx_explicit_conversions
    Feature record: CXX_FEATURE:1cxx_extended_friend_declarations
    Feature record: CXX_FEATURE:1cxx_extern_templates
    Feature record: CXX_FEATURE:1cxx_final
    Feature record: CXX_FEATURE:1cxx_func_identifier
    Feature record: CXX_FEATURE:1cxx_generalized_initializers
    Feature record: CXX_FEATURE:1cxx_generic_lambdas
    Feature record: CXX_FEATURE:1cxx_inheriting_constructors
    Feature record: CXX_FEATURE:1cxx_inline_namespaces
    Feature record: CXX_FEATURE:1cxx_lambdas
    Feature record: CXX_FEATURE:1cxx_lambda_init_captures
    Feature record: CXX_FEATURE:1cxx_local_type_template_args
    Feature record: CXX_FEATURE:1cxx_long_long_type
    Feature record: CXX_FEATURE:1cxx_noexcept
    Feature record: CXX_FEATURE:1cxx_nonstatic_member_init
    Feature record: CXX_FEATURE:1cxx_nullptr
    Feature record: CXX_FEATURE:1cxx_override
    Feature record: CXX_FEATURE:1cxx_range_for
    Feature record: CXX_FEATURE:1cxx_raw_string_literals
    Feature record: CXX_FEATURE:1cxx_reference_qualified_functions
    Feature record: CXX_FEATURE:1cxx_relaxed_constexpr
    Feature record: CXX_FEATURE:1cxx_return_type_deduction
    Feature record: CXX_FEATURE:1cxx_right_angle_brackets
    Feature record: CXX_FEATURE:1cxx_rvalue_references
    Feature record: CXX_FEATURE:1cxx_sizeof_member
    Feature record: CXX_FEATURE:1cxx_static_assert
    Feature record: CXX_FEATURE:1cxx_strong_enums
    Feature record: CXX_FEATURE:1cxx_template_template_parameters
    Feature record: CXX_FEATURE:1cxx_thread_local
    Feature record: CXX_FEATURE:1cxx_trailing_return_types
    Feature record: CXX_FEATURE:1cxx_unicode_literals
    Feature record: CXX_FEATURE:1cxx_uniform_initialization
    Feature record: CXX_FEATURE:1cxx_unrestricted_unions
    Feature record: CXX_FEATURE:1cxx_user_literals
    Feature record: CXX_FEATURE:1cxx_variable_templates
    Feature record: CXX_FEATURE:1cxx_variadic_macros
    Feature record: CXX_FEATURE:1cxx_variadic_templates


Detecting CXX [-std=c++11] compiler features compiled with the following output:
Change Dir: /home/huangxiaolin/Desktop/Log/glog/build/CMakeFiles/CMakeTmp

Run Build Command:"/usr/bin/make" "cmTC_be995/fast"
/usr/bin/make -f CMakeFiles/cmTC_be995.dir/build.make CMakeFiles/cmTC_be995.dir/build
make[1]: Entering directory '/home/huangxiaolin/Desktop/Log/glog/build/CMakeFiles/CMakeTmp'
Building CXX object CMakeFiles/cmTC_be995.dir/feature_tests.cxx.o
/usr/bin/c++     -fPIC     -std=c++11 -o CMakeFiles/cmTC_be995.dir/feature_tests.cxx.o -c /home/huangxiaolin/Desktop/Log/glog/build/CMakeFiles/feature_tests.cxx
Linking CXX executable cmTC_be995
/usr/bin/cmake -E cmake_link_script CMakeFiles/cmTC_be995.dir/link.txt --verbose=1
/usr/bin/c++   -fPIC      CMakeFiles/cmTC_be995.dir/feature_tests.cxx.o  -o cmTC_be995 -rdynamic 
make[1]: Leaving directory '/home/huangxiaolin/Desktop/Log/glog/build/CMakeFiles/CMakeTmp'


    Feature record: CXX_FEATURE:0cxx_aggregate_default_initializers
    Feature record: CXX_FEATURE:1cxx_alias_templates
    Feature record: CXX_FEATURE:1cxx_alignas
    Feature record: CXX_FEATURE:1cxx_alignof
    Feature record: CXX_FEATURE:1cxx_attributes
    Feature record: CXX_FEATURE:0cxx_attribute_deprecated
    Feature record: CXX_FEATURE:1cxx_auto_type
    Feature record: CXX_FEATURE:0cxx_binary_literals
    Feature record: CXX_FEATURE:1cxx_constexpr
    Feature record: CXX_FEATURE:0cxx_contextual_conversions
    Feature record: CXX_FEATURE:1cxx_decltype
    Feature record: CXX_FEATURE:0cxx_decltype_auto
    Feature record: CXX_FEATURE:1cxx_decltype_incomplete_return_types
    Feature record: CXX_FEATURE:1cxx_default_function_template_args
    Feature record: CXX_FEATURE:1cxx_defaulted_functions
    Feature record: CXX_FEATURE:1cxx_defaulted_move_initializers
    Feature record: CXX_FEATURE:1cxx_delegating_constructors
    Feature record: CXX_FEATURE:1cxx_deleted_functions
    Feature record: CXX_FEATURE:0cxx_digit_separators
    Feature record: CXX_FEATURE:1cxx_enum_forward_declarations
    Feature record: CXX_FEATURE:1cxx_explicit_conversions
    Feature record: CXX_FEATURE:1cxx_extended_friend_declarations
    Feature record: CXX_FEATURE:1cxx_extern_templates
    Feature record: CXX_FEATURE:1cxx_final
    Feature record: CXX_FEATURE:1cxx_func_identifier
    Feature record: CXX_FEATURE:1cxx_generalized_initializers
    Feature record: CXX_FEATURE:0cxx_generic_lambdas
    Feature record: CXX_FEATURE:1cxx_inheriting_constructors
    Feature record: CXX_FEATURE:1cxx_inline_namespaces
    Feature record: CXX_FEATURE:1cxx_lambdas
    Feature record: CXX_FEATURE:0cxx_lambda_init_captures
    Feature record: CXX_FEATURE:1cxx_local_type_template_args
    Feature record: CXX_FEATURE:1cxx_long_long_type
    Feature record: CXX_FEATURE:1cxx_noexcept
    Feature record: CXX_FEATURE:1cxx_nonstatic_member_init
    Feature record: CXX_FEATURE:1cxx_nullptr
    Feature record: CXX_FEATURE:1cxx_override
    Feature record: CXX_FEATURE:1cxx_range_for
    Feature record: CXX_FEATURE:1cxx_raw_string_literals
    Feature record: CXX_FEATURE:1cxx_reference_qualified_functions
    Feature record: CXX_FEATURE:0cxx_relaxed_constexpr
    Feature record: CXX_FEATURE:0cxx_return_type_deduction
    Feature record: CXX_FEATURE:1cxx_right_angle_brackets
    Feature record: CXX_FEATURE:1cxx_rvalue_references
    Feature record: CXX_FEATURE:1cxx_sizeof_member
    Feature record: CXX_FEATURE:1cxx_static_assert
    Feature record: CXX_FEATURE:1cxx_strong_enums
    Feature record: CXX_FEATURE:1cxx_template_template_parameters
    Feature record: CXX_FEATURE:1cxx_thread_local
    Feature record: CXX_FEATURE:1cxx_trailing_return_types
    Feature record: CXX_FEATURE:1cxx_unicode_literals
    Feature record: CXX_FEATURE:1cxx_uniform_initialization
    Feature record: CXX_FEATURE:1cxx_unrestricted_unions
    Feature record: CXX_FEATURE:1cxx_user_literals
    Feature record: CXX_FEATURE:0cxx_variable_templates
    Feature record: CXX_FEATURE:1cxx_variadic_macros
    Feature record: CXX_FEATURE:1cxx_variadic_templates


Detecting CXX [-std=c++98] compiler features compiled with the following output:
Change Dir: /home/huangxiaolin/Desktop/Log/glog/build/CMakeFiles/CMakeTmp

Run Build Command:"/usr/bin/make" "cmTC_cddfd/fast"
/usr/bin/make -f CMakeFiles/cmTC_cddfd.dir/build.make CMakeFiles/cmTC_cddfd.dir/build
make[1]: Entering directory '/home/huangxiaolin/Desktop/Log/glog/build/CMakeFiles/CMakeTmp'
Building CXX object CMakeFiles/cmTC_cddfd.dir/feature_tests.cxx.o
/usr/bin/c++     -fPIC     -std=c++98 -o CMakeFiles/cmTC_cddfd.dir/feature_tests.cxx.o -c /home/huangxiaolin/Desktop/Log/glog/build/CMakeFiles/feature_tests.cxx
Linking CXX executable cmTC_cddfd
/usr/bin/cmake -E cmake_link_script CMakeFiles/cmTC_cddfd.dir/link.txt --verbose=1
/usr/bin/c++   -fPIC      CMakeFiles/cmTC_cddfd.dir/feature_tests.cxx.o  -o cmTC_cddfd -rdynamic 
make[1]: Leaving directory '/home/huangxiaolin/Desktop/Log/glog/build/CMakeFiles/CMakeTmp'


    Feature record: CXX_FEATURE:0cxx_aggregate_default_initializers
    Feature record: CXX_FEATURE:0cxx_alias_templates
    Feature record: CXX_FEATURE:0cxx_alignas
    Feature record: CXX_FEATURE:0cxx_alignof
    Feature record: CXX_FEATURE:0cxx_attributes
    Feature record: CXX_FEATURE:0cxx_attribute_deprecated
    Feature record: CXX_FEATURE:0cxx_auto_type
    Feature record: CXX_FEATURE:0cxx_binary_literals
    Feature record: CXX_FEATURE:0cxx_constexpr
    Feature record: CXX_FEATURE:0cxx_contextual_conversions
    Feature record: CXX_FEATURE:0cxx_decltype
    Feature record: CXX_FEATURE:0cxx_decltype_auto
    Feature record: CXX_FEATURE:0cxx_decltype_incomplete_return_types
    Feature record: CXX_FEATURE:0cxx_default_function_template_args
    Feature record: CXX_FEATURE:0cxx_defaulted_functions
    Feature record: CXX_FEATURE:0cxx_defaulted_move_initializers
    Feature record: CXX_FEATURE:0cxx_delegating_constructors
    Feature record: CXX_FEATURE:0cxx_deleted_functions
    Feature record: CXX_FEATURE:0cxx_digit_separators
    Feature record: CXX_FEATURE:0cxx_enum_forward_declarations
    Feature record: CXX_FEATURE:0cxx_explicit_conversions
    Feature record: CXX_FEATURE:0cxx_extended_friend_declarations
    Feature record: CXX_FEATURE:0cxx_extern_templates
    Feature record: CXX_FEATURE:0cxx_final
    Feature record: CXX_FEATURE:0cxx_func_identifier
    Feature record: CXX_FEATURE:0cxx_generalized_initializers
    Feature record: CXX_FEATURE:0cxx_generic_lambdas
    Feature record: CXX_FEATURE:0cxx_inheriting_constructors
    Feature record: CXX_FEATURE:0cxx_inline_namespaces
    Feature record: CXX_FEATURE:0cxx_lambdas
    Feature record: CXX_FEATURE:0cxx_lambda_init_captures
    Feature record: CXX_FEATURE:0cxx_local_type_template_args
    Feature record: CXX_FEATURE:0cxx_long_long_type
    Feature record: CXX_FEATURE:0cxx_noexcept
    Feature record: CXX_FEATURE:0cxx_nonstatic_member_init
    Feature record: CXX_FEATURE:0cxx_nullptr
    Feature record: CXX_FEATURE:0cxx_override
    Feature record: CXX_FEATURE:0cxx_range_for
    Feature record: CXX_FEATURE:0cxx_raw_string_literals
    Feature record: CXX_FEATURE:0cxx_reference_qualified_functions
    Feature record: CXX_FEATURE:0cxx_relaxed_constexpr
    Feature record: CXX_FEATURE:0cxx_return_type_deduction
    Feature record: CXX_FEATURE:0cxx_right_angle_brackets
    Feature record: CXX_FEATURE:0cxx_rvalue_references
    Feature record: CXX_FEATURE:0cxx_sizeof_member
    Feature record: CXX_FEATURE:0cxx_static_assert
    Feature record: CXX_FEATURE:0cxx_strong_enums
    Feature record: CXX_FEATURE:1cxx_template_template_parameters
    Feature record: CXX_FEATURE:0cxx_thread_local
    Feature record: CXX_FEATURE:0cxx_trailing_return_types
    Feature record: CXX_FEATURE:0cxx_unicode_literals
    Feature record: CXX_FEATURE:0cxx_uniform_initialization
    Feature record: CXX_FEATURE:0cxx_unrestricted_unions
    Feature record: CXX_FEATURE:0cxx_user_literals
    Feature record: CXX_FEATURE:0cxx_variable_templates
    Feature record: CXX_FEATURE:0cxx_variadic_macros
    Feature record: CXX_FEATURE:0cxx_variadic_templates
Determining the gflags namespace passed with the following output:
Change Dir: /home/huangxiaolin/Desktop/Log/glog/build/CMakeFiles/CMakeTmp

Run Build Command:"/usr/bin/make" "cmTC_bc7b2/fast"
/usr/bin/make -f CMakeFiles/cmTC_bc7b2.dir/build.make CMakeFiles/cmTC_bc7b2.dir/build
make[1]: Entering directory '/home/huangxiaolin/Desktop/Log/glog/build/CMakeFiles/CMakeTmp'
Building CXX object CMakeFiles/cmTC_bc7b2.dir/DetermineGflagsNamespace.cxx.o
/usr/bin/c++   -DGFLAGS_IS_A_DLL=0 -DGFLAGS_NAMESPACE=gflags -isystem /usr/local/include  -fPIC     -o CMakeFiles/cmTC_bc7b2.dir/DetermineGflagsNamespace.cxx.o -c /home/huangxiaolin/Desktop/Log/glog/build/CMakeFiles/CMakeTmp/DetermineGflagsNamespace.cxx
Linking CXX executable cmTC_bc7b2
/usr/bin/cmake -E cmake_link_script CMakeFiles/cmTC_bc7b2.dir/link.txt --verbose=1
/usr/bin/c++   -fPIC      CMakeFiles/cmTC_bc7b2.dir/DetermineGflagsNamespace.cxx.o  -o cmTC_bc7b2 -rdynamic /usr/local/lib/libgflags.a -lpthread 
make[1]: Leaving directory '/home/huangxiaolin/Desktop/Log/glog/build/CMakeFiles/CMakeTmp'


Determining if the include file pthread.h exists passed with the following output:
Change Dir: /home/huangxiaolin/Desktop/Log/glog/build/CMakeFiles/CMakeTmp

Run Build Command:"/usr/bin/make" "cmTC_43b07/fast"
/usr/bin/make -f CMakeFiles/cmTC_43b07.dir/build.make CMakeFiles/cmTC_43b07.dir/build
make[1]: Entering directory '/home/huangxiaolin/Desktop/Log/glog/build/CMakeFiles/CMakeTmp'
Building C object CMakeFiles/cmTC_43b07.dir/CheckIncludeFile.c.o
/usr/bin/cc     -o CMakeFiles/cmTC_43b07.dir/CheckIncludeFile.c.o   -c /home/huangxiaolin/Desktop/Log/glog/build/CMakeFiles/CMakeTmp/CheckIncludeFile.c
Linking C executable cmTC_43b07
/usr/bin/cmake -E cmake_link_script CMakeFiles/cmTC_43b07.dir/link.txt --verbose=1
/usr/bin/cc       CMakeFiles/cmTC_43b07.dir/CheckIncludeFile.c.o  -o cmTC_43b07 -rdynamic 
make[1]: Leaving directory '/home/huangxiaolin/Desktop/Log/glog/build/CMakeFiles/CMakeTmp'


Determining if the function pthread_create exists in the pthread passed with the following output:
Change Dir: /home/huangxiaolin/Desktop/Log/glog/build/CMakeFiles/CMakeTmp

Run Build Command:"/usr/bin/make" "cmTC_2e847/fast"
/usr/bin/make -f CMakeFiles/cmTC_2e847.dir/build.make CMakeFiles/cmTC_2e847.dir/build
make[1]: Entering directory '/home/huangxiaolin/Desktop/Log/glog/build/CMakeFiles/CMakeTmp'
Building C object CMakeFiles/cmTC_2e847.dir/CheckFunctionExists.c.o
/usr/bin/cc    -DCHECK_FUNCTION_EXISTS=pthread_create   -o CMakeFiles/cmTC_2e847.dir/CheckFunctionExists.c.o   -c /usr/share/cmake-3.5/Modules/CheckFunctionExists.c
Linking C executable cmTC_2e847
/usr/bin/cmake -E cmake_link_script CMakeFiles/cmTC_2e847.dir/link.txt --verbose=1
/usr/bin/cc   -DCHECK_FUNCTION_EXISTS=pthread_create    CMakeFiles/cmTC_2e847.dir/CheckFunctionExists.c.o  -o cmTC_2e847 -rdynamic -lpthread 
make[1]: Leaving directory '/home/huangxiaolin/Desktop/Log/glog/build/CMakeFiles/CMakeTmp'


Determining if the include file dlfcn.h exists passed with the following output:
Change Dir: /home/huangxiaolin/Desktop/Log/glog/build/CMakeFiles/CMakeTmp

Run Build Command:"/usr/bin/make" "cmTC_40d01/fast"
/usr/bin/make -f CMakeFiles/cmTC_40d01.dir/build.make CMakeFiles/cmTC_40d01.dir/build
make[1]: Entering directory '/home/huangxiaolin/Desktop/Log/glog/build/CMakeFiles/CMakeTmp'
Building C object CMakeFiles/cmTC_40d01.dir/CheckIncludeFile.c.o
/usr/bin/cc     -o CMakeFiles/cmTC_40d01.dir/CheckIncludeFile.c.o   -c /home/huangxiaolin/Desktop/Log/glog/build/CMakeFiles/CMakeTmp/CheckIncludeFile.c
Linking C executable cmTC_40d01
/usr/bin/cmake -E cmake_link_script CMakeFiles/cmTC_40d01.dir/link.txt --verbose=1
/usr/bin/cc       CMakeFiles/cmTC_40d01.dir/CheckIncludeFile.c.o  -o cmTC_40d01 -rdynamic 
make[1]: Leaving directory '/home/huangxiaolin/Desktop/Log/glog/build/CMakeFiles/CMakeTmp'


Determining if the include file execinfo.h exists passed with the following output:
Change Dir: /home/huangxiaolin/Desktop/Log/glog/build/CMakeFiles/CMakeTmp

Run Build Command:"/usr/bin/make" "cmTC_e7d4e/fast"
/usr/bin/make -f CMakeFiles/cmTC_e7d4e.dir/build.make CMakeFiles/cmTC_e7d4e.dir/build
make[1]: Entering directory '/home/huangxiaolin/Desktop/Log/glog/build/CMakeFiles/CMakeTmp'
Building C object CMakeFiles/cmTC_e7d4e.dir/CheckIncludeFile.c.o
/usr/bin/cc     -o CMakeFiles/cmTC_e7d4e.dir/CheckIncludeFile.c.o   -c /home/huangxiaolin/Desktop/Log/glog/build/CMakeFiles/CMakeTmp/CheckIncludeFile.c
Linking C executable cmTC_e7d4e
/usr/bin/cmake -E cmake_link_script CMakeFiles/cmTC_e7d4e.dir/link.txt --verbose=1
/usr/bin/cc       CMakeFiles/cmTC_e7d4e.dir/CheckIncludeFile.c.o  -o cmTC_e7d4e -rdynamic 
make[1]: Leaving directory '/home/huangxiaolin/Desktop/Log/glog/build/CMakeFiles/CMakeTmp'


Determining if the include file glob.h exists passed with the following output:
Change Dir: /home/huangxiaolin/Desktop/Log/glog/build/CMakeFiles/CMakeTmp

Run Build Command:"/usr/bin/make" "cmTC_26edc/fast"
/usr/bin/make -f CMakeFiles/cmTC_26edc.dir/build.make CMakeFiles/cmTC_26edc.dir/build
make[1]: Entering directory '/home/huangxiaolin/Desktop/Log/glog/build/CMakeFiles/CMakeTmp'
Building C object CMakeFiles/cmTC_26edc.dir/CheckIncludeFile.c.o
/usr/bin/cc     -o CMakeFiles/cmTC_26edc.dir/CheckIncludeFile.c.o   -c /home/huangxiaolin/Desktop/Log/glog/build/CMakeFiles/CMakeTmp/CheckIncludeFile.c
Linking C executable cmTC_26edc
/usr/bin/cmake -E cmake_link_script CMakeFiles/cmTC_26edc.dir/link.txt --verbose=1
/usr/bin/cc       CMakeFiles/cmTC_26edc.dir/CheckIncludeFile.c.o  -o cmTC_26edc -rdynamic 
make[1]: Leaving directory '/home/huangxiaolin/Desktop/Log/glog/build/CMakeFiles/CMakeTmp'


Determining if the include file inttypes.h exists passed with the following output:
Change Dir: /home/huangxiaolin/Desktop/Log/glog/build/CMakeFiles/CMakeTmp

Run Build Command:"/usr/bin/make" "cmTC_d6e22/fast"
/usr/bin/make -f CMakeFiles/cmTC_d6e22.dir/build.make CMakeFiles/cmTC_d6e22.dir/build
make[1]: Entering directory '/home/huangxiaolin/Desktop/Log/glog/build/CMakeFiles/CMakeTmp'
Building C object CMakeFiles/cmTC_d6e22.dir/CheckIncludeFile.c.o
/usr/bin/cc     -o CMakeFiles/cmTC_d6e22.dir/CheckIncludeFile.c.o   -c /home/huangxiaolin/Desktop/Log/glog/build/CMakeFiles/CMakeTmp/CheckIncludeFile.c
Linking C executable cmTC_d6e22
/usr/bin/cmake -E cmake_link_script CMakeFiles/cmTC_d6e22.dir/link.txt --verbose=1
/usr/bin/cc       CMakeFiles/cmTC_d6e22.dir/CheckIncludeFile.c.o  -o cmTC_d6e22 -rdynamic 
make[1]: Leaving directory '/home/huangxiaolin/Desktop/Log/glog/build/CMakeFiles/CMakeTmp'


Determining if the include file memory.h exists passed with the following output:
Change Dir: /home/huangxiaolin/Desktop/Log/glog/build/CMakeFiles/CMakeTmp

Run Build Command:"/usr/bin/make" "cmTC_56e2c/fast"
/usr/bin/make -f CMakeFiles/cmTC_56e2c.dir/build.make CMakeFiles/cmTC_56e2c.dir/build
make[1]: Entering directory '/home/huangxiaolin/Desktop/Log/glog/build/CMakeFiles/CMakeTmp'
Building C object CMakeFiles/cmTC_56e2c.dir/CheckIncludeFile.c.o
/usr/bin/cc     -o CMakeFiles/cmTC_56e2c.dir/CheckIncludeFile.c.o   -c /home/huangxiaolin/Desktop/Log/glog/build/CMakeFiles/CMakeTmp/CheckIncludeFile.c
Linking C executable cmTC_56e2c
/usr/bin/cmake -E cmake_link_script CMakeFiles/cmTC_56e2c.dir/link.txt --verbose=1
/usr/bin/cc       CMakeFiles/cmTC_56e2c.dir/CheckIncludeFile.c.o  -o cmTC_56e2c -rdynamic 
make[1]: Leaving directory '/home/huangxiaolin/Desktop/Log/glog/build/CMakeFiles/CMakeTmp'


Determining if the include file pwd.h exists passed with the following output:
Change Dir: /home/huangxiaolin/Desktop/Log/glog/build/CMakeFiles/CMakeTmp

Run Build Command:"/usr/bin/make" "cmTC_ea597/fast"
/usr/bin/make -f CMakeFiles/cmTC_ea597.dir/build.make CMakeFiles/cmTC_ea597.dir/build
make[1]: Entering directory '/home/huangxiaolin/Desktop/Log/glog/build/CMakeFiles/CMakeTmp'
Building C object CMakeFiles/cmTC_ea597.dir/CheckIncludeFile.c.o
/usr/bin/cc     -o CMakeFiles/cmTC_ea597.dir/CheckIncludeFile.c.o   -c /home/huangxiaolin/Desktop/Log/glog/build/CMakeFiles/CMakeTmp/CheckIncludeFile.c
Linking C executable cmTC_ea597
/usr/bin/cmake -E cmake_link_script CMakeFiles/cmTC_ea597.dir/link.txt --verbose=1
/usr/bin/cc       CMakeFiles/cmTC_ea597.dir/CheckIncludeFile.c.o  -o cmTC_ea597 -rdynamic 
make[1]: Leaving directory '/home/huangxiaolin/Desktop/Log/glog/build/CMakeFiles/CMakeTmp'


Determining if the include file stdint.h exists passed with the following output:
Change Dir: /home/huangxiaolin/Desktop/Log/glog/build/CMakeFiles/CMakeTmp

Run Build Command:"/usr/bin/make" "cmTC_cfa09/fast"
/usr/bin/make -f CMakeFiles/cmTC_cfa09.dir/build.make CMakeFiles/cmTC_cfa09.dir/build
make[1]: Entering directory '/home/huangxiaolin/Desktop/Log/glog/build/CMakeFiles/CMakeTmp'
Building C object CMakeFiles/cmTC_cfa09.dir/CheckIncludeFile.c.o
/usr/bin/cc     -o CMakeFiles/cmTC_cfa09.dir/CheckIncludeFile.c.o   -c /home/huangxiaolin/Desktop/Log/glog/build/CMakeFiles/CMakeTmp/CheckIncludeFile.c
Linking C executable cmTC_cfa09
/usr/bin/cmake -E cmake_link_script CMakeFiles/cmTC_cfa09.dir/link.txt --verbose=1
/usr/bin/cc       CMakeFiles/cmTC_cfa09.dir/CheckIncludeFile.c.o  -o cmTC_cfa09 -rdynamic 
make[1]: Leaving directory '/home/huangxiaolin/Desktop/Log/glog/build/CMakeFiles/CMakeTmp'


Determining if the include file stdlib.h exists passed with the following output:
Change Dir: /home/huangxiaolin/Desktop/Log/glog/build/CMakeFiles/CMakeTmp

Run Build Command:"/usr/bin/make" "cmTC_83c92/fast"
/usr/bin/make -f CMakeFiles/cmTC_83c92.dir/build.make CMakeFiles/cmTC_83c92.dir/build
make[1]: Entering directory '/home/huangxiaolin/Desktop/Log/glog/build/CMakeFiles/CMakeTmp'
Building C object CMakeFiles/cmTC_83c92.dir/CheckIncludeFile.c.o
/usr/bin/cc     -o CMakeFiles/cmTC_83c92.dir/CheckIncludeFile.c.o   -c /home/huangxiaolin/Desktop/Log/glog/build/CMakeFiles/CMakeTmp/CheckIncludeFile.c
Linking C executable cmTC_83c92
/usr/bin/cmake -E cmake_link_script CMakeFiles/cmTC_83c92.dir/link.txt --verbose=1
/usr/bin/cc       CMakeFiles/cmTC_83c92.dir/CheckIncludeFile.c.o  -o cmTC_83c92 -rdynamic 
make[1]: Leaving directory '/home/huangxiaolin/Desktop/Log/glog/build/CMakeFiles/CMakeTmp'


Determining if the include file string.h exists passed with the following output:
Change Dir: /home/huangxiaolin/Desktop/Log/glog/build/CMakeFiles/CMakeTmp

Run Build Command:"/usr/bin/make" "cmTC_a0b3c/fast"
/usr/bin/make -f CMakeFiles/cmTC_a0b3c.dir/build.make CMakeFiles/cmTC_a0b3c.dir/build
make[1]: Entering directory '/home/huangxiaolin/Desktop/Log/glog/build/CMakeFiles/CMakeTmp'
Building C object CMakeFiles/cmTC_a0b3c.dir/CheckIncludeFile.c.o
/usr/bin/cc     -o CMakeFiles/cmTC_a0b3c.dir/CheckIncludeFile.c.o   -c /home/huangxiaolin/Desktop/Log/glog/build/CMakeFiles/CMakeTmp/CheckIncludeFile.c
Linking C executable cmTC_a0b3c
/usr/bin/cmake -E cmake_link_script CMakeFiles/cmTC_a0b3c.dir/link.txt --verbose=1
/usr/bin/cc       CMakeFiles/cmTC_a0b3c.dir/CheckIncludeFile.c.o  -o cmTC_a0b3c -rdynamic 
make[1]: Leaving directory '/home/huangxiaolin/Desktop/Log/glog/build/CMakeFiles/CMakeTmp'


Determining if the include file strings.h exists passed with the following output:
Change Dir: /home/huangxiaolin/Desktop/Log/glog/build/CMakeFiles/CMakeTmp

Run Build Command:"/usr/bin/make" "cmTC_f1430/fast"
/usr/bin/make -f CMakeFiles/cmTC_f1430.dir/build.make CMakeFiles/cmTC_f1430.dir/build
make[1]: Entering directory '/home/huangxiaolin/Desktop/Log/glog/build/CMakeFiles/CMakeTmp'
Building C object CMakeFiles/cmTC_f1430.dir/CheckIncludeFile.c.o
/usr/bin/cc     -o CMakeFiles/cmTC_f1430.dir/CheckIncludeFile.c.o   -c /home/huangxiaolin/Desktop/Log/glog/build/CMakeFiles/CMakeTmp/CheckIncludeFile.c
Linking C executable cmTC_f1430
/usr/bin/cmake -E cmake_link_script CMakeFiles/cmTC_f1430.dir/link.txt --verbose=1
/usr/bin/cc       CMakeFiles/cmTC_f1430.dir/CheckIncludeFile.c.o  -o cmTC_f1430 -rdynamic 
make[1]: Leaving directory '/home/huangxiaolin/Desktop/Log/glog/build/CMakeFiles/CMakeTmp'


Determining if the include file sys/stat.h exists passed with the following output:
Change Dir: /home/huangxiaolin/Desktop/Log/glog/build/CMakeFiles/CMakeTmp

Run Build Command:"/usr/bin/make" "cmTC_1b92d/fast"
/usr/bin/make -f CMakeFiles/cmTC_1b92d.dir/build.make CMakeFiles/cmTC_1b92d.dir/build
make[1]: Entering directory '/home/huangxiaolin/Desktop/Log/glog/build/CMakeFiles/CMakeTmp'
Building C object CMakeFiles/cmTC_1b92d.dir/CheckIncludeFile.c.o
/usr/bin/cc     -o CMakeFiles/cmTC_1b92d.dir/CheckIncludeFile.c.o   -c /home/huangxiaolin/Desktop/Log/glog/build/CMakeFiles/CMakeTmp/CheckIncludeFile.c
Linking C executable cmTC_1b92d
/usr/bin/cmake -E cmake_link_script CMakeFiles/cmTC_1b92d.dir/link.txt --verbose=1
/usr/bin/cc       CMakeFiles/cmTC_1b92d.dir/CheckIncludeFile.c.o  -o cmTC_1b92d -rdynamic 
make[1]: Leaving directory '/home/huangxiaolin/Desktop/Log/glog/build/CMakeFiles/CMakeTmp'


Determining if the include file sys/syscall.h exists passed with the following output:
Change Dir: /home/huangxiaolin/Desktop/Log/glog/build/CMakeFiles/CMakeTmp

Run Build Command:"/usr/bin/make" "cmTC_1deba/fast"
/usr/bin/make -f CMakeFiles/cmTC_1deba.dir/build.make CMakeFiles/cmTC_1deba.dir/build
make[1]: Entering directory '/home/huangxiaolin/Desktop/Log/glog/build/CMakeFiles/CMakeTmp'
Building C object CMakeFiles/cmTC_1deba.dir/CheckIncludeFile.c.o
/usr/bin/cc     -o CMakeFiles/cmTC_1deba.dir/CheckIncludeFile.c.o   -c /home/huangxiaolin/Desktop/Log/glog/build/CMakeFiles/CMakeTmp/CheckIncludeFile.c
Linking C executable cmTC_1deba
/usr/bin/cmake -E cmake_link_script CMakeFiles/cmTC_1deba.dir/link.txt --verbose=1
/usr/bin/cc       CMakeFiles/cmTC_1deba.dir/CheckIncludeFile.c.o  -o cmTC_1deba -rdynamic 
make[1]: Leaving directory '/home/huangxiaolin/Desktop/Log/glog/build/CMakeFiles/CMakeTmp'


Determining if the include file sys/time.h exists passed with the following output:
Change Dir: /home/huangxiaolin/Desktop/Log/glog/build/CMakeFiles/CMakeTmp

Run Build Command:"/usr/bin/make" "cmTC_aa253/fast"
/usr/bin/make -f CMakeFiles/cmTC_aa253.dir/build.make CMakeFiles/cmTC_aa253.dir/build
make[1]: Entering directory '/home/huangxiaolin/Desktop/Log/glog/build/CMakeFiles/CMakeTmp'
Building C object CMakeFiles/cmTC_aa253.dir/CheckIncludeFile.c.o
/usr/bin/cc     -o CMakeFiles/cmTC_aa253.dir/CheckIncludeFile.c.o   -c /home/huangxiaolin/Desktop/Log/glog/build/CMakeFiles/CMakeTmp/CheckIncludeFile.c
Linking C executable cmTC_aa253
/usr/bin/cmake -E cmake_link_script CMakeFiles/cmTC_aa253.dir/link.txt --verbose=1
/usr/bin/cc       CMakeFiles/cmTC_aa253.dir/CheckIncludeFile.c.o  -o cmTC_aa253 -rdynamic 
make[1]: Leaving directory '/home/huangxiaolin/Desktop/Log/glog/build/CMakeFiles/CMakeTmp'


Determining if the include file sys/types.h exists passed with the following output:
Change Dir: /home/huangxiaolin/Desktop/Log/glog/build/CMakeFiles/CMakeTmp

Run Build Command:"/usr/bin/make" "cmTC_32632/fast"
/usr/bin/make -f CMakeFiles/cmTC_32632.dir/build.make CMakeFiles/cmTC_32632.dir/build
make[1]: Entering directory '/home/huangxiaolin/Desktop/Log/glog/build/CMakeFiles/CMakeTmp'
Building C object CMakeFiles/cmTC_32632.dir/CheckIncludeFile.c.o
/usr/bin/cc     -o CMakeFiles/cmTC_32632.dir/CheckIncludeFile.c.o   -c /home/huangxiaolin/Desktop/Log/glog/build/CMakeFiles/CMakeTmp/CheckIncludeFile.c
Linking C executable cmTC_32632
/usr/bin/cmake -E cmake_link_script CMakeFiles/cmTC_32632.dir/link.txt --verbose=1
/usr/bin/cc       CMakeFiles/cmTC_32632.dir/CheckIncludeFile.c.o  -o cmTC_32632 -rdynamic 
make[1]: Leaving directory '/home/huangxiaolin/Desktop/Log/glog/build/CMakeFiles/CMakeTmp'


Determining if the include file sys/utsname.h exists passed with the following output:
Change Dir: /home/huangxiaolin/Desktop/Log/glog/build/CMakeFiles/CMakeTmp

Run Build Command:"/usr/bin/make" "cmTC_a9906/fast"
/usr/bin/make -f CMakeFiles/cmTC_a9906.dir/build.make CMakeFiles/cmTC_a9906.dir/build
make[1]: Entering directory '/home/huangxiaolin/Desktop/Log/glog/build/CMakeFiles/CMakeTmp'
Building C object CMakeFiles/cmTC_a9906.dir/CheckIncludeFile.c.o
/usr/bin/cc     -o CMakeFiles/cmTC_a9906.dir/CheckIncludeFile.c.o   -c /home/huangxiaolin/Desktop/Log/glog/build/CMakeFiles/CMakeTmp/CheckIncludeFile.c
Linking C executable cmTC_a9906
/usr/bin/cmake -E cmake_link_script CMakeFiles/cmTC_a9906.dir/link.txt --verbose=1
/usr/bin/cc       CMakeFiles/cmTC_a9906.dir/CheckIncludeFile.c.o  -o cmTC_a9906 -rdynamic 
make[1]: Leaving directory '/home/huangxiaolin/Desktop/Log/glog/build/CMakeFiles/CMakeTmp'


Determining if the include file syscall.h exists passed with the following output:
Change Dir: /home/huangxiaolin/Desktop/Log/glog/build/CMakeFiles/CMakeTmp

Run Build Command:"/usr/bin/make" "cmTC_e3761/fast"
/usr/bin/make -f CMakeFiles/cmTC_e3761.dir/build.make CMakeFiles/cmTC_e3761.dir/build
make[1]: Entering directory '/home/huangxiaolin/Desktop/Log/glog/build/CMakeFiles/CMakeTmp'
Building C object CMakeFiles/cmTC_e3761.dir/CheckIncludeFile.c.o
/usr/bin/cc     -o CMakeFiles/cmTC_e3761.dir/CheckIncludeFile.c.o   -c /home/huangxiaolin/Desktop/Log/glog/build/CMakeFiles/CMakeTmp/CheckIncludeFile.c
Linking C executable cmTC_e3761
/usr/bin/cmake -E cmake_link_script CMakeFiles/cmTC_e3761.dir/link.txt --verbose=1
/usr/bin/cc       CMakeFiles/cmTC_e3761.dir/CheckIncludeFile.c.o  -o cmTC_e3761 -rdynamic 
make[1]: Leaving directory '/home/huangxiaolin/Desktop/Log/glog/build/CMakeFiles/CMakeTmp'


Determining if the include file syslog.h exists passed with the following output:
Change Dir: /home/huangxiaolin/Desktop/Log/glog/build/CMakeFiles/CMakeTmp

Run Build Command:"/usr/bin/make" "cmTC_9374d/fast"
/usr/bin/make -f CMakeFiles/cmTC_9374d.dir/build.make CMakeFiles/cmTC_9374d.dir/build
make[1]: Entering directory '/home/huangxiaolin/Desktop/Log/glog/build/CMakeFiles/CMakeTmp'
Building C object CMakeFiles/cmTC_9374d.dir/CheckIncludeFile.c.o
/usr/bin/cc     -o CMakeFiles/cmTC_9374d.dir/CheckIncludeFile.c.o   -c /home/huangxiaolin/Desktop/Log/glog/build/CMakeFiles/CMakeTmp/CheckIncludeFile.c
Linking C executable cmTC_9374d
/usr/bin/cmake -E cmake_link_script CMakeFiles/cmTC_9374d.dir/link.txt --verbose=1
/usr/bin/cc       CMakeFiles/cmTC_9374d.dir/CheckIncludeFile.c.o  -o cmTC_9374d -rdynamic 
make[1]: Leaving directory '/home/huangxiaolin/Desktop/Log/glog/build/CMakeFiles/CMakeTmp'


Determining if the include file ucontext.h exists passed with the following output:
Change Dir: /home/huangxiaolin/Desktop/Log/glog/build/CMakeFiles/CMakeTmp

Run Build Command:"/usr/bin/make" "cmTC_53045/fast"
/usr/bin/make -f CMakeFiles/cmTC_53045.dir/build.make CMakeFiles/cmTC_53045.dir/build
make[1]: Entering directory '/home/huangxiaolin/Desktop/Log/glog/build/CMakeFiles/CMakeTmp'
Building C object CMakeFiles/cmTC_53045.dir/CheckIncludeFile.c.o
/usr/bin/cc     -o CMakeFiles/cmTC_53045.dir/CheckIncludeFile.c.o   -c /home/huangxiaolin/Desktop/Log/glog/build/CMakeFiles/CMakeTmp/CheckIncludeFile.c
Linking C executable cmTC_53045
/usr/bin/cmake -E cmake_link_script CMakeFiles/cmTC_53045.dir/link.txt --verbose=1
/usr/bin/cc       CMakeFiles/cmTC_53045.dir/CheckIncludeFile.c.o  -o cmTC_53045 -rdynamic 
make[1]: Leaving directory '/home/huangxiaolin/Desktop/Log/glog/build/CMakeFiles/CMakeTmp'


Determining if the include file unistd.h exists passed with the following output:
Change Dir: /home/huangxiaolin/Desktop/Log/glog/build/CMakeFiles/CMakeTmp

Run Build Command:"/usr/bin/make" "cmTC_ccfbd/fast"
/usr/bin/make -f CMakeFiles/cmTC_ccfbd.dir/build.make CMakeFiles/cmTC_ccfbd.dir/build
make[1]: Entering directory '/home/huangxiaolin/Desktop/Log/glog/build/CMakeFiles/CMakeTmp'
Building C object CMakeFiles/cmTC_ccfbd.dir/CheckIncludeFile.c.o
/usr/bin/cc     -o CMakeFiles/cmTC_ccfbd.dir/CheckIncludeFile.c.o   -c /home/huangxiaolin/Desktop/Log/glog/build/CMakeFiles/CMakeTmp/CheckIncludeFile.c
Linking C executable cmTC_ccfbd
/usr/bin/cmake -E cmake_link_script CMakeFiles/cmTC_ccfbd.dir/link.txt --verbose=1
/usr/bin/cc       CMakeFiles/cmTC_ccfbd.dir/CheckIncludeFile.c.o  -o cmTC_ccfbd -rdynamic 
make[1]: Leaving directory '/home/huangxiaolin/Desktop/Log/glog/build/CMakeFiles/CMakeTmp'


Determining if the include file unwind.h exists passed with the following output:
Change Dir: /home/huangxiaolin/Desktop/Log/glog/build/CMakeFiles/CMakeTmp

Run Build Command:"/usr/bin/make" "cmTC_e0b83/fast"
/usr/bin/make -f CMakeFiles/cmTC_e0b83.dir/build.make CMakeFiles/cmTC_e0b83.dir/build
make[1]: Entering directory '/home/huangxiaolin/Desktop/Log/glog/build/CMakeFiles/CMakeTmp'
Building C object CMakeFiles/cmTC_e0b83.dir/CheckIncludeFile.c.o
/usr/bin/cc     -o CMakeFiles/cmTC_e0b83.dir/CheckIncludeFile.c.o   -c /home/huangxiaolin/Desktop/Log/glog/build/CMakeFiles/CMakeTmp/CheckIncludeFile.c
Linking C executable cmTC_e0b83
/usr/bin/cmake -E cmake_link_script CMakeFiles/cmTC_e0b83.dir/link.txt --verbose=1
/usr/bin/cc       CMakeFiles/cmTC_e0b83.dir/CheckIncludeFile.c.o  -o cmTC_e0b83 -rdynamic 
make[1]: Leaving directory '/home/huangxiaolin/Desktop/Log/glog/build/CMakeFiles/CMakeTmp'


Determining if the include file ext/hash_map exists passed with the following output:
Change Dir: /home/huangxiaolin/Desktop/Log/glog/build/CMakeFiles/CMakeTmp

Run Build Command:"/usr/bin/make" "cmTC_4e189/fast"
/usr/bin/make -f CMakeFiles/cmTC_4e189.dir/build.make CMakeFiles/cmTC_4e189.dir/build
make[1]: Entering directory '/home/huangxiaolin/Desktop/Log/glog/build/CMakeFiles/CMakeTmp'
Building CXX object CMakeFiles/cmTC_4e189.dir/CheckIncludeFile.cxx.o
/usr/bin/c++     -fPIC     -o CMakeFiles/cmTC_4e189.dir/CheckIncludeFile.cxx.o -c /home/huangxiaolin/Desktop/Log/glog/build/CMakeFiles/CMakeTmp/CheckIncludeFile.cxx
In file included from /usr/include/c++/5/ext/hash_map:60:0,
                 from /home/huangxiaolin/Desktop/Log/glog/build/CMakeFiles/CMakeTmp/CheckIncludeFile.cxx:1:
/usr/include/c++/5/backward/backward_warning.h:32:2: warning: #warning This file includes at least one deprecated or antiquated header which may be removed without further notice at a future date. Please use a non-deprecated interface with equivalent functionality instead. For a listing of replacement headers and interfaces, consult the file backward_warning.h. To disable this warning use -Wno-deprecated. [-Wcpp]
 #warning \
  ^
Linking CXX executable cmTC_4e189
/usr/bin/cmake -E cmake_link_script CMakeFiles/cmTC_4e189.dir/link.txt --verbose=1
/usr/bin/c++   -fPIC      CMakeFiles/cmTC_4e189.dir/CheckIncludeFile.cxx.o  -o cmTC_4e189 -rdynamic 
make[1]: Leaving directory '/home/huangxiaolin/Desktop/Log/glog/build/CMakeFiles/CMakeTmp'


Determining if the include file ext/hash_set exists passed with the following output:
Change Dir: /home/huangxiaolin/Desktop/Log/glog/build/CMakeFiles/CMakeTmp

Run Build Command:"/usr/bin/make" "cmTC_08949/fast"
/usr/bin/make -f CMakeFiles/cmTC_08949.dir/build.make CMakeFiles/cmTC_08949.dir/build
make[1]: Entering directory '/home/huangxiaolin/Desktop/Log/glog/build/CMakeFiles/CMakeTmp'
Building CXX object CMakeFiles/cmTC_08949.dir/CheckIncludeFile.cxx.o
/usr/bin/c++     -fPIC     -o CMakeFiles/cmTC_08949.dir/CheckIncludeFile.cxx.o -c /home/huangxiaolin/Desktop/Log/glog/build/CMakeFiles/CMakeTmp/CheckIncludeFile.cxx
In file included from /usr/include/c++/5/ext/hash_set:60:0,
                 from /home/huangxiaolin/Desktop/Log/glog/build/CMakeFiles/CMakeTmp/CheckIncludeFile.cxx:1:
/usr/include/c++/5/backward/backward_warning.h:32:2: warning: #warning This file includes at least one deprecated or antiquated header which may be removed without further notice at a future date. Please use a non-deprecated interface with equivalent functionality instead. For a listing of replacement headers and interfaces, consult the file backward_warning.h. To disable this warning use -Wno-deprecated. [-Wcpp]
 #warning \
  ^
Linking CXX executable cmTC_08949
/usr/bin/cmake -E cmake_link_script CMakeFiles/cmTC_08949.dir/link.txt --verbose=1
/usr/bin/c++   -fPIC      CMakeFiles/cmTC_08949.dir/CheckIncludeFile.cxx.o  -o cmTC_08949 -rdynamic 
make[1]: Leaving directory '/home/huangxiaolin/Desktop/Log/glog/build/CMakeFiles/CMakeTmp'


Determining if the include file ext/slist exists passed with the following output:
Change Dir: /home/huangxiaolin/Desktop/Log/glog/build/CMakeFiles/CMakeTmp

Run Build Command:"/usr/bin/make" "cmTC_fc4a5/fast"
/usr/bin/make -f CMakeFiles/cmTC_fc4a5.dir/build.make CMakeFiles/cmTC_fc4a5.dir/build
make[1]: Entering directory '/home/huangxiaolin/Desktop/Log/glog/build/CMakeFiles/CMakeTmp'
Building CXX object CMakeFiles/cmTC_fc4a5.dir/CheckIncludeFile.cxx.o
/usr/bin/c++     -fPIC     -o CMakeFiles/cmTC_fc4a5.dir/CheckIncludeFile.cxx.o -c /home/huangxiaolin/Desktop/Log/glog/build/CMakeFiles/CMakeTmp/CheckIncludeFile.cxx
Linking CXX executable cmTC_fc4a5
/usr/bin/cmake -E cmake_link_script CMakeFiles/cmTC_fc4a5.dir/link.txt --verbose=1
/usr/bin/c++   -fPIC      CMakeFiles/cmTC_fc4a5.dir/CheckIncludeFile.cxx.o  -o cmTC_fc4a5 -rdynamic 
make[1]: Leaving directory '/home/huangxiaolin/Desktop/Log/glog/build/CMakeFiles/CMakeTmp'


Determining if the include file tr1/unordered_map exists passed with the following output:
Change Dir: /home/huangxiaolin/Desktop/Log/glog/build/CMakeFiles/CMakeTmp

Run Build Command:"/usr/bin/make" "cmTC_cfc65/fast"
/usr/bin/make -f CMakeFiles/cmTC_cfc65.dir/build.make CMakeFiles/cmTC_cfc65.dir/build
make[1]: Entering directory '/home/huangxiaolin/Desktop/Log/glog/build/CMakeFiles/CMakeTmp'
Building CXX object CMakeFiles/cmTC_cfc65.dir/CheckIncludeFile.cxx.o
/usr/bin/c++     -fPIC     -o CMakeFiles/cmTC_cfc65.dir/CheckIncludeFile.cxx.o -c /home/huangxiaolin/Desktop/Log/glog/build/CMakeFiles/CMakeTmp/CheckIncludeFile.cxx
Linking CXX executable cmTC_cfc65
/usr/bin/cmake -E cmake_link_script CMakeFiles/cmTC_cfc65.dir/link.txt --verbose=1
/usr/bin/c++   -fPIC      CMakeFiles/cmTC_cfc65.dir/CheckIncludeFile.cxx.o  -o cmTC_cfc65 -rdynamic 
make[1]: Leaving directory '/home/huangxiaolin/Desktop/Log/glog/build/CMakeFiles/CMakeTmp'


Determining if the include file tr1/unordered_set exists passed with the following output:
Change Dir: /home/huangxiaolin/Desktop/Log/glog/build/CMakeFiles/CMakeTmp

Run Build Command:"/usr/bin/make" "cmTC_c4a9a/fast"
/usr/bin/make -f CMakeFiles/cmTC_c4a9a.dir/build.make CMakeFiles/cmTC_c4a9a.dir/build
make[1]: Entering directory '/home/huangxiaolin/Desktop/Log/glog/build/CMakeFiles/CMakeTmp'
Building CXX object CMakeFiles/cmTC_c4a9a.dir/CheckIncludeFile.cxx.o
/usr/bin/c++     -fPIC     -o CMakeFiles/cmTC_c4a9a.dir/CheckIncludeFile.cxx.o -c /home/huangxiaolin/Desktop/Log/glog/build/CMakeFiles/CMakeTmp/CheckIncludeFile.cxx
Linking CXX executable cmTC_c4a9a
/usr/bin/cmake -E cmake_link_script CMakeFiles/cmTC_c4a9a.dir/link.txt --verbose=1
/usr/bin/c++   -fPIC      CMakeFiles/cmTC_c4a9a.dir/CheckIncludeFile.cxx.o  -o cmTC_c4a9a -rdynamic 
make[1]: Leaving directory '/home/huangxiaolin/Desktop/Log/glog/build/CMakeFiles/CMakeTmp'


Determining if the include file stddef.h exists passed with the following output:
Change Dir: /home/huangxiaolin/Desktop/Log/glog/build/CMakeFiles/CMakeTmp

Run Build Command:"/usr/bin/make" "cmTC_7e75d/fast"
/usr/bin/make -f CMakeFiles/cmTC_7e75d.dir/build.make CMakeFiles/cmTC_7e75d.dir/build
make[1]: Entering directory '/home/huangxiaolin/Desktop/Log/glog/build/CMakeFiles/CMakeTmp'
Building C object CMakeFiles/cmTC_7e75d.dir/CheckIncludeFile.c.o
/usr/bin/cc     -o CMakeFiles/cmTC_7e75d.dir/CheckIncludeFile.c.o   -c /home/huangxiaolin/Desktop/Log/glog/build/CMakeFiles/CMakeTmp/CheckIncludeFile.c
Linking C executable cmTC_7e75d
/usr/bin/cmake -E cmake_link_script CMakeFiles/cmTC_7e75d.dir/link.txt --verbose=1
/usr/bin/cc       CMakeFiles/cmTC_7e75d.dir/CheckIncludeFile.c.o  -o cmTC_7e75d -rdynamic 
make[1]: Leaving directory '/home/huangxiaolin/Desktop/Log/glog/build/CMakeFiles/CMakeTmp'


Determining size of u_int16_t passed with the following output:
Change Dir: /home/huangxiaolin/Desktop/Log/glog/build/CMakeFiles/CMakeTmp

Run Build Command:"/usr/bin/make" "cmTC_56264/fast"
/usr/bin/make -f CMakeFiles/cmTC_56264.dir/build.make CMakeFiles/cmTC_56264.dir/build
make[1]: Entering directory '/home/huangxiaolin/Desktop/Log/glog/build/CMakeFiles/CMakeTmp'
Building C object CMakeFiles/cmTC_56264.dir/HAVE_U_INT16_T.c.o
/usr/bin/cc     -o CMakeFiles/cmTC_56264.dir/HAVE_U_INT16_T.c.o   -c /home/huangxiaolin/Desktop/Log/glog/build/CMakeFiles/CheckTypeSize/HAVE_U_INT16_T.c
Linking C executable cmTC_56264
/usr/bin/cmake -E cmake_link_script CMakeFiles/cmTC_56264.dir/link.txt --verbose=1
/usr/bin/cc       CMakeFiles/cmTC_56264.dir/HAVE_U_INT16_T.c.o  -o cmTC_56264 -rdynamic 
make[1]: Leaving directory '/home/huangxiaolin/Desktop/Log/glog/build/CMakeFiles/CMakeTmp'


Determining size of uint16_t passed with the following output:
Change Dir: /home/huangxiaolin/Desktop/Log/glog/build/CMakeFiles/CMakeTmp

Run Build Command:"/usr/bin/make" "cmTC_db268/fast"
/usr/bin/make -f CMakeFiles/cmTC_db268.dir/build.make CMakeFiles/cmTC_db268.dir/build
make[1]: Entering directory '/home/huangxiaolin/Desktop/Log/glog/build/CMakeFiles/CMakeTmp'
Building C object CMakeFiles/cmTC_db268.dir/HAVE_UINT16_T.c.o
/usr/bin/cc     -o CMakeFiles/cmTC_db268.dir/HAVE_UINT16_T.c.o   -c /home/huangxiaolin/Desktop/Log/glog/build/CMakeFiles/CheckTypeSize/HAVE_UINT16_T.c
Linking C executable cmTC_db268
/usr/bin/cmake -E cmake_link_script CMakeFiles/cmTC_db268.dir/link.txt --verbose=1
/usr/bin/cc       CMakeFiles/cmTC_db268.dir/HAVE_UINT16_T.c.o  -o cmTC_db268 -rdynamic 
make[1]: Leaving directory '/home/huangxiaolin/Desktop/Log/glog/build/CMakeFiles/CMakeTmp'


Determining if the function fcntl exists passed with the following output:
Change Dir: /home/huangxiaolin/Desktop/Log/glog/build/CMakeFiles/CMakeTmp

Run Build Command:"/usr/bin/make" "cmTC_cbd77/fast"
/usr/bin/make -f CMakeFiles/cmTC_cbd77.dir/build.make CMakeFiles/cmTC_cbd77.dir/build
make[1]: Entering directory '/home/huangxiaolin/Desktop/Log/glog/build/CMakeFiles/CMakeTmp'
Building C object CMakeFiles/cmTC_cbd77.dir/CheckFunctionExists.c.o
/usr/bin/cc    -DCHECK_FUNCTION_EXISTS=fcntl   -o CMakeFiles/cmTC_cbd77.dir/CheckFunctionExists.c.o   -c /usr/share/cmake-3.5/Modules/CheckFunctionExists.c
Linking C executable cmTC_cbd77
/usr/bin/cmake -E cmake_link_script CMakeFiles/cmTC_cbd77.dir/link.txt --verbose=1
/usr/bin/cc   -DCHECK_FUNCTION_EXISTS=fcntl    CMakeFiles/cmTC_cbd77.dir/CheckFunctionExists.c.o  -o cmTC_cbd77 -rdynamic 
make[1]: Leaving directory '/home/huangxiaolin/Desktop/Log/glog/build/CMakeFiles/CMakeTmp'


Determining if the function pread exists passed with the following output:
Change Dir: /home/huangxiaolin/Desktop/Log/glog/build/CMakeFiles/CMakeTmp

Run Build Command:"/usr/bin/make" "cmTC_71004/fast"
/usr/bin/make -f CMakeFiles/cmTC_71004.dir/build.make CMakeFiles/cmTC_71004.dir/build
make[1]: Entering directory '/home/huangxiaolin/Desktop/Log/glog/build/CMakeFiles/CMakeTmp'
Building C object CMakeFiles/cmTC_71004.dir/CheckFunctionExists.c.o
/usr/bin/cc    -DCHECK_FUNCTION_EXISTS=pread   -o CMakeFiles/cmTC_71004.dir/CheckFunctionExists.c.o   -c /usr/share/cmake-3.5/Modules/CheckFunctionExists.c
Linking C executable cmTC_71004
/usr/bin/cmake -E cmake_link_script CMakeFiles/cmTC_71004.dir/link.txt --verbose=1
/usr/bin/cc   -DCHECK_FUNCTION_EXISTS=pread    CMakeFiles/cmTC_71004.dir/CheckFunctionExists.c.o  -o cmTC_71004 -rdynamic 
make[1]: Leaving directory '/home/huangxiaolin/Desktop/Log/glog/build/CMakeFiles/CMakeTmp'


Determining if the function pwrite exists passed with the following output:
Change Dir: /home/huangxiaolin/Desktop/Log/glog/build/CMakeFiles/CMakeTmp

Run Build Command:"/usr/bin/make" "cmTC_a95e8/fast"
/usr/bin/make -f CMakeFiles/cmTC_a95e8.dir/build.make CMakeFiles/cmTC_a95e8.dir/build
make[1]: Entering directory '/home/huangxiaolin/Desktop/Log/glog/build/CMakeFiles/CMakeTmp'
Building C object CMakeFiles/cmTC_a95e8.dir/CheckFunctionExists.c.o
/usr/bin/cc    -DCHECK_FUNCTION_EXISTS=pwrite   -o CMakeFiles/cmTC_a95e8.dir/CheckFunctionExists.c.o   -c /usr/share/cmake-3.5/Modules/CheckFunctionExists.c
Linking C executable cmTC_a95e8
/usr/bin/cmake -E cmake_link_script CMakeFiles/cmTC_a95e8.dir/link.txt --verbose=1
/usr/bin/cc   -DCHECK_FUNCTION_EXISTS=pwrite    CMakeFiles/cmTC_a95e8.dir/CheckFunctionExists.c.o  -o cmTC_a95e8 -rdynamic 
make[1]: Leaving directory '/home/huangxiaolin/Desktop/Log/glog/build/CMakeFiles/CMakeTmp'


Determining if the function sigaction exists passed with the following output:
Change Dir: /home/huangxiaolin/Desktop/Log/glog/build/CMakeFiles/CMakeTmp

Run Build Command:"/usr/bin/make" "cmTC_80da5/fast"
/usr/bin/make -f CMakeFiles/cmTC_80da5.dir/build.make CMakeFiles/cmTC_80da5.dir/build
make[1]: Entering directory '/home/huangxiaolin/Desktop/Log/glog/build/CMakeFiles/CMakeTmp'
Building C object CMakeFiles/cmTC_80da5.dir/CheckFunctionExists.c.o
/usr/bin/cc    -DCHECK_FUNCTION_EXISTS=sigaction   -o CMakeFiles/cmTC_80da5.dir/CheckFunctionExists.c.o   -c /usr/share/cmake-3.5/Modules/CheckFunctionExists.c
Linking C executable cmTC_80da5
/usr/bin/cmake -E cmake_link_script CMakeFiles/cmTC_80da5.dir/link.txt --verbose=1
/usr/bin/cc   -DCHECK_FUNCTION_EXISTS=sigaction    CMakeFiles/cmTC_80da5.dir/CheckFunctionExists.c.o  -o cmTC_80da5 -rdynamic 
make[1]: Leaving directory '/home/huangxiaolin/Desktop/Log/glog/build/CMakeFiles/CMakeTmp'


Determining if the function sigaltstack exists passed with the following output:
Change Dir: /home/huangxiaolin/Desktop/Log/glog/build/CMakeFiles/CMakeTmp

Run Build Command:"/usr/bin/make" "cmTC_22a05/fast"
/usr/bin/make -f CMakeFiles/cmTC_22a05.dir/build.make CMakeFiles/cmTC_22a05.dir/build
make[1]: Entering directory '/home/huangxiaolin/Desktop/Log/glog/build/CMakeFiles/CMakeTmp'
Building C object CMakeFiles/cmTC_22a05.dir/CheckFunctionExists.c.o
/usr/bin/cc    -DCHECK_FUNCTION_EXISTS=sigaltstack   -o CMakeFiles/cmTC_22a05.dir/CheckFunctionExists.c.o   -c /usr/share/cmake-3.5/Modules/CheckFunctionExists.c
Linking C executable cmTC_22a05
/usr/bin/cmake -E cmake_link_script CMakeFiles/cmTC_22a05.dir/link.txt --verbose=1
/usr/bin/cc   -DCHECK_FUNCTION_EXISTS=sigaltstack    CMakeFiles/cmTC_22a05.dir/CheckFunctionExists.c.o  -o cmTC_22a05 -rdynamic 
make[1]: Leaving directory '/home/huangxiaolin/Desktop/Log/glog/build/CMakeFiles/CMakeTmp'


Performing C++ SOURCE FILE Test HAVE_NO_DEPRECATED succeeded with the following output:
Change Dir: /home/huangxiaolin/Desktop/Log/glog/build/CMakeFiles/CMakeTmp

Run Build Command:"/usr/bin/make" "cmTC_3bae8/fast"
/usr/bin/make -f CMakeFiles/cmTC_3bae8.dir/build.make CMakeFiles/cmTC_3bae8.dir/build
make[1]: Entering directory '/home/huangxiaolin/Desktop/Log/glog/build/CMakeFiles/CMakeTmp'
Building CXX object CMakeFiles/cmTC_3bae8.dir/src.cxx.o
/usr/bin/c++     -fPIC  -DHAVE_NO_DEPRECATED   -Wdeprecated -o CMakeFiles/cmTC_3bae8.dir/src.cxx.o -c /home/huangxiaolin/Desktop/Log/glog/build/CMakeFiles/CMakeTmp/src.cxx
Linking CXX executable cmTC_3bae8
/usr/bin/cmake -E cmake_link_script CMakeFiles/cmTC_3bae8.dir/link.txt --verbose=1
/usr/bin/c++   -fPIC  -DHAVE_NO_DEPRECATED    CMakeFiles/cmTC_3bae8.dir/src.cxx.o  -o cmTC_3bae8 -rdynamic 
make[1]: Leaving directory '/home/huangxiaolin/Desktop/Log/glog/build/CMakeFiles/CMakeTmp'

Source file was:
int main() { return 0; }
Determining if the snprintf exist passed with the following output:
Change Dir: /home/huangxiaolin/Desktop/Log/glog/build/CMakeFiles/CMakeTmp

Run Build Command:"/usr/bin/make" "cmTC_b4bcb/fast"
/usr/bin/make -f CMakeFiles/cmTC_b4bcb.dir/build.make CMakeFiles/cmTC_b4bcb.dir/build
make[1]: Entering directory '/home/huangxiaolin/Desktop/Log/glog/build/CMakeFiles/CMakeTmp'
Building C object CMakeFiles/cmTC_b4bcb.dir/CheckSymbolExists.c.o
/usr/bin/cc     -o CMakeFiles/cmTC_b4bcb.dir/CheckSymbolExists.c.o   -c /home/huangxiaolin/Desktop/Log/glog/build/CMakeFiles/CMakeTmp/CheckSymbolExists.c
Linking C executable cmTC_b4bcb
/usr/bin/cmake -E cmake_link_script CMakeFiles/cmTC_b4bcb.dir/link.txt --verbose=1
/usr/bin/cc       CMakeFiles/cmTC_b4bcb.dir/CheckSymbolExists.c.o  -o cmTC_b4bcb -rdynamic 
make[1]: Leaving directory '/home/huangxiaolin/Desktop/Log/glog/build/CMakeFiles/CMakeTmp'

File /home/huangxiaolin/Desktop/Log/glog/build/CMakeFiles/CMakeTmp/CheckSymbolExists.c:
/* */
#include <stdio.h>

int main(int argc, char** argv)
{
  (void)argv;
#ifndef snprintf
  return ((int*)(&snprintf))[argc];
#else
  (void)argc;
  return 0;
#endif
}

Performing C SOURCE FILE Test HAVE___ATTRIBUTE__ succeeded with the following output:
Change Dir: /home/huangxiaolin/Desktop/Log/glog/build/CMakeFiles/CMakeTmp

Run Build Command:"/usr/bin/make" "cmTC_2472c/fast"
/usr/bin/make -f CMakeFiles/cmTC_2472c.dir/build.make CMakeFiles/cmTC_2472c.dir/build
make[1]: Entering directory '/home/huangxiaolin/Desktop/Log/glog/build/CMakeFiles/CMakeTmp'
Building C object CMakeFiles/cmTC_2472c.dir/src.c.o
/usr/bin/cc    -DHAVE___ATTRIBUTE__   -o CMakeFiles/cmTC_2472c.dir/src.c.o   -c /home/huangxiaolin/Desktop/Log/glog/build/CMakeFiles/CMakeTmp/src.c
Linking C executable cmTC_2472c
/usr/bin/cmake -E cmake_link_script CMakeFiles/cmTC_2472c.dir/link.txt --verbose=1
/usr/bin/cc   -DHAVE___ATTRIBUTE__    CMakeFiles/cmTC_2472c.dir/src.c.o  -o cmTC_2472c -rdynamic 
make[1]: Leaving directory '/home/huangxiaolin/Desktop/Log/glog/build/CMakeFiles/CMakeTmp'

Source file was:

#include <stdlib.h>
static void foo(void) __attribute__ ((unused));
int main(void) { return 0; }

Performing C SOURCE FILE Test HAVE___ATTRIBUTE__VISIBILITY_DEFAULT succeeded with the following output:
Change Dir: /home/huangxiaolin/Desktop/Log/glog/build/CMakeFiles/CMakeTmp

Run Build Command:"/usr/bin/make" "cmTC_6f93e/fast"
/usr/bin/make -f CMakeFiles/cmTC_6f93e.dir/build.make CMakeFiles/cmTC_6f93e.dir/build
make[1]: Entering directory '/home/huangxiaolin/Desktop/Log/glog/build/CMakeFiles/CMakeTmp'
Building C object CMakeFiles/cmTC_6f93e.dir/src.c.o
/usr/bin/cc    -DHAVE___ATTRIBUTE__VISIBILITY_DEFAULT   -o CMakeFiles/cmTC_6f93e.dir/src.c.o   -c /home/huangxiaolin/Desktop/Log/glog/build/CMakeFiles/CMakeTmp/src.c
/home/huangxiaolin/Desktop/Log/glog/build/CMakeFiles/CMakeTmp/src.c:3:1: warning: visibility attribute ignored [-Wattributes]
 static void foo(void) __attribute__ ((visibility("default")));
 ^
Linking C executable cmTC_6f93e
/usr/bin/cmake -E cmake_link_script CMakeFiles/cmTC_6f93e.dir/link.txt --verbose=1
/usr/bin/cc   -DHAVE___ATTRIBUTE__VISIBILITY_DEFAULT    CMakeFiles/cmTC_6f93e.dir/src.c.o  -o cmTC_6f93e -rdynamic 
make[1]: Leaving directory '/home/huangxiaolin/Desktop/Log/glog/build/CMakeFiles/CMakeTmp'

Source file was:

#include <stdlib.h>
static void foo(void) __attribute__ ((visibility("default")));
int main(void) { return 0; }

Performing C SOURCE FILE Test HAVE___ATTRIBUTE__VISIBILITY_HIDDEN succeeded with the following output:
Change Dir: /home/huangxiaolin/Desktop/Log/glog/build/CMakeFiles/CMakeTmp

Run Build Command:"/usr/bin/make" "cmTC_e04c2/fast"
/usr/bin/make -f CMakeFiles/cmTC_e04c2.dir/build.make CMakeFiles/cmTC_e04c2.dir/build
make[1]: Entering directory '/home/huangxiaolin/Desktop/Log/glog/build/CMakeFiles/CMakeTmp'
Building C object CMakeFiles/cmTC_e04c2.dir/src.c.o
/usr/bin/cc    -DHAVE___ATTRIBUTE__VISIBILITY_HIDDEN   -o CMakeFiles/cmTC_e04c2.dir/src.c.o   -c /home/huangxiaolin/Desktop/Log/glog/build/CMakeFiles/CMakeTmp/src.c
/home/huangxiaolin/Desktop/Log/glog/build/CMakeFiles/CMakeTmp/src.c:3:1: warning: visibility attribute ignored [-Wattributes]
 static void foo(void) __attribute__ ((visibility("hidden")));
 ^
Linking C executable cmTC_e04c2
/usr/bin/cmake -E cmake_link_script CMakeFiles/cmTC_e04c2.dir/link.txt --verbose=1
/usr/bin/cc   -DHAVE___ATTRIBUTE__VISIBILITY_HIDDEN    CMakeFiles/cmTC_e04c2.dir/src.c.o  -o cmTC_e04c2 -rdynamic 
make[1]: Leaving directory '/home/huangxiaolin/Desktop/Log/glog/build/CMakeFiles/CMakeTmp'

Source file was:

#include <stdlib.h>
static void foo(void) __attribute__ ((visibility("hidden")));
int main(void) { return 0; }

Performing C SOURCE FILE Test HAVE___BUILTIN_EXPECT succeeded with the following output:
Change Dir: /home/huangxiaolin/Desktop/Log/glog/build/CMakeFiles/CMakeTmp

Run Build Command:"/usr/bin/make" "cmTC_3df63/fast"
/usr/bin/make -f CMakeFiles/cmTC_3df63.dir/build.make CMakeFiles/cmTC_3df63.dir/build
make[1]: Entering directory '/home/huangxiaolin/Desktop/Log/glog/build/CMakeFiles/CMakeTmp'
Building C object CMakeFiles/cmTC_3df63.dir/src.c.o
/usr/bin/cc    -DHAVE___BUILTIN_EXPECT   -o CMakeFiles/cmTC_3df63.dir/src.c.o   -c /home/huangxiaolin/Desktop/Log/glog/build/CMakeFiles/CMakeTmp/src.c
Linking C executable cmTC_3df63
/usr/bin/cmake -E cmake_link_script CMakeFiles/cmTC_3df63.dir/link.txt --verbose=1
/usr/bin/cc   -DHAVE___BUILTIN_EXPECT    CMakeFiles/cmTC_3df63.dir/src.c.o  -o cmTC_3df63 -rdynamic 
make[1]: Leaving directory '/home/huangxiaolin/Desktop/Log/glog/build/CMakeFiles/CMakeTmp'

Source file was:

int main(void) { if (__builtin_expect(0, 0)) return 1; return 0; }

Performing C SOURCE FILE Test HAVE___SYNC_VAL_COMPARE_AND_SWAP succeeded with the following output:
Change Dir: /home/huangxiaolin/Desktop/Log/glog/build/CMakeFiles/CMakeTmp

Run Build Command:"/usr/bin/make" "cmTC_ad7ee/fast"
/usr/bin/make -f CMakeFiles/cmTC_ad7ee.dir/build.make CMakeFiles/cmTC_ad7ee.dir/build
make[1]: Entering directory '/home/huangxiaolin/Desktop/Log/glog/build/CMakeFiles/CMakeTmp'
Building C object CMakeFiles/cmTC_ad7ee.dir/src.c.o
/usr/bin/cc    -DHAVE___SYNC_VAL_COMPARE_AND_SWAP   -o CMakeFiles/cmTC_ad7ee.dir/src.c.o   -c /home/huangxiaolin/Desktop/Log/glog/build/CMakeFiles/CMakeTmp/src.c
Linking C executable cmTC_ad7ee
/usr/bin/cmake -E cmake_link_script CMakeFiles/cmTC_ad7ee.dir/link.txt --verbose=1
/usr/bin/cc   -DHAVE___SYNC_VAL_COMPARE_AND_SWAP    CMakeFiles/cmTC_ad7ee.dir/src.c.o  -o cmTC_ad7ee -rdynamic 
make[1]: Leaving directory '/home/huangxiaolin/Desktop/Log/glog/build/CMakeFiles/CMakeTmp'

Source file was:

int main(void)
{
  int a; if (__sync_val_compare_and_swap(&a, 0, 1)) return 1; return 0;
}

Performing C++ SOURCE FILE Test STL_STD_NAMESPACE succeeded with the following output:
Change Dir: /home/huangxiaolin/Desktop/Log/glog/build/CMakeFiles/CMakeTmp

Run Build Command:"/usr/bin/make" "cmTC_8a8f0/fast"
/usr/bin/make -f CMakeFiles/cmTC_8a8f0.dir/build.make CMakeFiles/cmTC_8a8f0.dir/build
make[1]: Entering directory '/home/huangxiaolin/Desktop/Log/glog/build/CMakeFiles/CMakeTmp'
Building CXX object CMakeFiles/cmTC_8a8f0.dir/src.cxx.o
/usr/bin/c++     -fPIC  -DSTL_STD_NAMESPACE   -o CMakeFiles/cmTC_8a8f0.dir/src.cxx.o -c /home/huangxiaolin/Desktop/Log/glog/build/CMakeFiles/CMakeTmp/src.cxx
Linking CXX executable cmTC_8a8f0
/usr/bin/cmake -E cmake_link_script CMakeFiles/cmTC_8a8f0.dir/link.txt --verbose=1
/usr/bin/c++   -fPIC  -DSTL_STD_NAMESPACE    CMakeFiles/cmTC_8a8f0.dir/src.cxx.o  -o cmTC_8a8f0 -rdynamic 
make[1]: Leaving directory '/home/huangxiaolin/Desktop/Log/glog/build/CMakeFiles/CMakeTmp'

Source file was:

#include <vector>
std::vector<int> t; int main() { }

Performing C++ SOURCE FILE Test HAVE_USING_OPERATOR succeeded with the following output:
Change Dir: /home/huangxiaolin/Desktop/Log/glog/build/CMakeFiles/CMakeTmp

Run Build Command:"/usr/bin/make" "cmTC_72d89/fast"
/usr/bin/make -f CMakeFiles/cmTC_72d89.dir/build.make CMakeFiles/cmTC_72d89.dir/build
make[1]: Entering directory '/home/huangxiaolin/Desktop/Log/glog/build/CMakeFiles/CMakeTmp'
Building CXX object CMakeFiles/cmTC_72d89.dir/src.cxx.o
/usr/bin/c++     -fPIC  -DHAVE_USING_OPERATOR   -o CMakeFiles/cmTC_72d89.dir/src.cxx.o -c /home/huangxiaolin/Desktop/Log/glog/build/CMakeFiles/CMakeTmp/src.cxx
Linking CXX executable cmTC_72d89
/usr/bin/cmake -E cmake_link_script CMakeFiles/cmTC_72d89.dir/link.txt --verbose=1
/usr/bin/c++   -fPIC  -DHAVE_USING_OPERATOR    CMakeFiles/cmTC_72d89.dir/src.cxx.o  -o cmTC_72d89 -rdynamic 
make[1]: Leaving directory '/home/huangxiaolin/Desktop/Log/glog/build/CMakeFiles/CMakeTmp'

Source file was:

#include <iostream>
std::ostream& operator<<(std::ostream&, struct s);
using ::operator<<;
int main() { }

Performing C++ SOURCE FILE Test HAVE_NAMESPACES succeeded with the following output:
Change Dir: /home/huangxiaolin/Desktop/Log/glog/build/CMakeFiles/CMakeTmp

Run Build Command:"/usr/bin/make" "cmTC_619cc/fast"
/usr/bin/make -f CMakeFiles/cmTC_619cc.dir/build.make CMakeFiles/cmTC_619cc.dir/build
make[1]: Entering directory '/home/huangxiaolin/Desktop/Log/glog/build/CMakeFiles/CMakeTmp'
Building CXX object CMakeFiles/cmTC_619cc.dir/src.cxx.o
/usr/bin/c++     -fPIC  -DHAVE_NAMESPACES   -o CMakeFiles/cmTC_619cc.dir/src.cxx.o -c /home/huangxiaolin/Desktop/Log/glog/build/CMakeFiles/CMakeTmp/src.cxx
Linking CXX executable cmTC_619cc
/usr/bin/cmake -E cmake_link_script CMakeFiles/cmTC_619cc.dir/link.txt --verbose=1
/usr/bin/c++   -fPIC  -DHAVE_NAMESPACES    CMakeFiles/cmTC_619cc.dir/src.cxx.o  -o cmTC_619cc -rdynamic 
make[1]: Leaving directory '/home/huangxiaolin/Desktop/Log/glog/build/CMakeFiles/CMakeTmp'

Source file was:

namespace Outer { namespace Inner { int i = 0; }}
using namespace Outer::Inner;;
int main() { return i; }

Performing C++ SOURCE FILE Test HAVE_GCC_TLS succeeded with the following output:
Change Dir: /home/huangxiaolin/Desktop/Log/glog/build/CMakeFiles/CMakeTmp

Run Build Command:"/usr/bin/make" "cmTC_26349/fast"
/usr/bin/make -f CMakeFiles/cmTC_26349.dir/build.make CMakeFiles/cmTC_26349.dir/build
make[1]: Entering directory '/home/huangxiaolin/Desktop/Log/glog/build/CMakeFiles/CMakeTmp'
Building CXX object CMakeFiles/cmTC_26349.dir/src.cxx.o
/usr/bin/c++     -fPIC  -DHAVE_GCC_TLS   -o CMakeFiles/cmTC_26349.dir/src.cxx.o -c /home/huangxiaolin/Desktop/Log/glog/build/CMakeFiles/CMakeTmp/src.cxx
Linking CXX executable cmTC_26349
/usr/bin/cmake -E cmake_link_script CMakeFiles/cmTC_26349.dir/link.txt --verbose=1
/usr/bin/c++   -fPIC  -DHAVE_GCC_TLS    CMakeFiles/cmTC_26349.dir/src.cxx.o  -o cmTC_26349 -rdynamic 
make[1]: Leaving directory '/home/huangxiaolin/Desktop/Log/glog/build/CMakeFiles/CMakeTmp'

Source file was:

__thread int tls;
int main() { }

